{"/Users/tristan/github/teslalink/src/App.tsx": {"path":"/Users/tristan/github/teslalink/src/App.tsx","statementMap":{"0":{"start":{"line":17,"column":16},"end":{"line":20,"column":1}},"1":{"start":{"line":37,"column":2},"end":{"line":42,"column":4}},"2":{"start":{"line":46,"column":42},"end":{"line":46,"column":57}},"3":{"start":{"line":47,"column":36},"end":{"line":47,"column":67}},"4":{"start":{"line":48,"column":36},"end":{"line":48,"column":65}},"5":{"start":{"line":49,"column":60},"end":{"line":49,"column":75}},"6":{"start":{"line":50,"column":40},"end":{"line":50,"column":69}},"7":{"start":{"line":51,"column":38},"end":{"line":58,"column":4}},"8":{"start":{"line":52,"column":24},"end":{"line":52,"column":79}},"9":{"start":{"line":53,"column":4},"end":{"line":55,"column":5}},"10":{"start":{"line":54,"column":6},"end":{"line":54,"column":25}},"11":{"start":{"line":56,"column":27},"end":{"line":56,"column":42}},"12":{"start":{"line":57,"column":4},"end":{"line":57,"column":85}},"13":{"start":{"line":59,"column":54},"end":{"line":59,"column":69}},"14":{"start":{"line":61,"column":28},"end":{"line":71,"column":4}},"15":{"start":{"line":62,"column":23},"end":{"line":62,"column":62}},"16":{"start":{"line":63,"column":24},"end":{"line":63,"column":102}},"17":{"start":{"line":64,"column":4},"end":{"line":70,"column":5}},"18":{"start":{"line":65,"column":6},"end":{"line":65,"column":24}},"19":{"start":{"line":66,"column":11},"end":{"line":70,"column":5}},"20":{"start":{"line":67,"column":6},"end":{"line":67,"column":20}},"21":{"start":{"line":69,"column":6},"end":{"line":69,"column":21}},"22":{"start":{"line":73,"column":19},"end":{"line":78,"column":8}},"23":{"start":{"line":74,"column":16},"end":{"line":74,"column":51}},"24":{"start":{"line":76,"column":17},"end":{"line":76,"column":114}},"25":{"start":{"line":77,"column":4},"end":{"line":77,"column":26}},"26":{"start":{"line":80,"column":40},"end":{"line":80,"column":59}},"27":{"start":{"line":82,"column":16},"end":{"line":82,"column":53}},"28":{"start":{"line":84,"column":19},"end":{"line":92,"column":3}},"29":{"start":{"line":85,"column":4},"end":{"line":91,"column":5}},"30":{"start":{"line":86,"column":18},"end":{"line":86,"column":61}},"31":{"start":{"line":87,"column":6},"end":{"line":87,"column":56}},"32":{"start":{"line":89,"column":6},"end":{"line":89,"column":53}},"33":{"start":{"line":90,"column":6},"end":{"line":90,"column":18}},"34":{"start":{"line":94,"column":20},"end":{"line":100,"column":3}},"35":{"start":{"line":95,"column":4},"end":{"line":99,"column":5}},"36":{"start":{"line":96,"column":6},"end":{"line":96,"column":72}},"37":{"start":{"line":98,"column":6},"end":{"line":98,"column":54}},"38":{"start":{"line":102,"column":26},"end":{"line":110,"column":3}},"39":{"start":{"line":103,"column":4},"end":{"line":109,"column":5}},"40":{"start":{"line":104,"column":6},"end":{"line":106,"column":7}},"41":{"start":{"line":105,"column":8},"end":{"line":105,"column":71}},"42":{"start":{"line":108,"column":6},"end":{"line":108,"column":50}},"43":{"start":{"line":112,"column":26},"end":{"line":133,"column":16}},"44":{"start":{"line":113,"column":4},"end":{"line":132,"column":5}},"45":{"start":{"line":115,"column":26},"end":{"line":115,"column":36}},"46":{"start":{"line":116,"column":26},"end":{"line":116,"column":57}},"47":{"start":{"line":117,"column":24},"end":{"line":117,"column":34}},"48":{"start":{"line":118,"column":29},"end":{"line":118,"column":84}},"49":{"start":{"line":121,"column":6},"end":{"line":121,"column":67}},"50":{"start":{"line":122,"column":6},"end":{"line":122,"column":22}},"51":{"start":{"line":125,"column":6},"end":{"line":125,"column":34}},"52":{"start":{"line":126,"column":6},"end":{"line":126,"column":85}},"53":{"start":{"line":128,"column":6},"end":{"line":128,"column":18}},"54":{"start":{"line":130,"column":6},"end":{"line":130,"column":57}},"55":{"start":{"line":131,"column":6},"end":{"line":131,"column":19}},"56":{"start":{"line":135,"column":26},"end":{"line":147,"column":3}},"57":{"start":{"line":136,"column":4},"end":{"line":146,"column":5}},"58":{"start":{"line":137,"column":21},"end":{"line":137,"column":59}},"59":{"start":{"line":138,"column":6},"end":{"line":141,"column":7}},"60":{"start":{"line":139,"column":21},"end":{"line":139,"column":39}},"61":{"start":{"line":140,"column":8},"end":{"line":140,"column":20}},"62":{"start":{"line":142,"column":6},"end":{"line":142,"column":18}},"63":{"start":{"line":144,"column":6},"end":{"line":144,"column":55}},"64":{"start":{"line":145,"column":6},"end":{"line":145,"column":18}},"65":{"start":{"line":149,"column":42},"end":{"line":149,"column":54}},"66":{"start":{"line":150,"column":40},"end":{"line":150,"column":52}},"67":{"start":{"line":152,"column":21},"end":{"line":165,"column":3}},"68":{"start":{"line":153,"column":4},"end":{"line":163,"column":5}},"69":{"start":{"line":154,"column":6},"end":{"line":154,"column":27}},"70":{"start":{"line":155,"column":6},"end":{"line":155,"column":32}},"71":{"start":{"line":156,"column":6},"end":{"line":156,"column":39}},"72":{"start":{"line":157,"column":6},"end":{"line":157,"column":37}},"73":{"start":{"line":159,"column":6},"end":{"line":159,"column":26}},"74":{"start":{"line":160,"column":6},"end":{"line":160,"column":25}},"75":{"start":{"line":161,"column":6},"end":{"line":161,"column":26}},"76":{"start":{"line":162,"column":6},"end":{"line":162,"column":25}},"77":{"start":{"line":164,"column":4},"end":{"line":164,"column":26}},"78":{"start":{"line":167,"column":31},"end":{"line":206,"column":3}},"79":{"start":{"line":168,"column":4},"end":{"line":168,"column":23}},"80":{"start":{"line":170,"column":17},"end":{"line":170,"column":36}},"81":{"start":{"line":171,"column":16},"end":{"line":171,"column":34}},"82":{"start":{"line":172,"column":4},"end":{"line":175,"column":5}},"83":{"start":{"line":173,"column":6},"end":{"line":173,"column":46}},"84":{"start":{"line":174,"column":6},"end":{"line":174,"column":13}},"85":{"start":{"line":177,"column":20},"end":{"line":177,"column":23}},"86":{"start":{"line":178,"column":4},"end":{"line":180,"column":5}},"87":{"start":{"line":179,"column":6},"end":{"line":179,"column":41}},"88":{"start":{"line":182,"column":4},"end":{"line":187,"column":5}},"89":{"start":{"line":183,"column":6},"end":{"line":183,"column":25}},"90":{"start":{"line":185,"column":6},"end":{"line":185,"column":40}},"91":{"start":{"line":186,"column":6},"end":{"line":186,"column":13}},"92":{"start":{"line":190,"column":4},"end":{"line":195,"column":5}},"93":{"start":{"line":191,"column":6},"end":{"line":191,"column":95}},"94":{"start":{"line":192,"column":11},"end":{"line":195,"column":5}},"95":{"start":{"line":193,"column":6},"end":{"line":193,"column":34}},"96":{"start":{"line":194,"column":6},"end":{"line":194,"column":89}},"97":{"start":{"line":197,"column":4},"end":{"line":200,"column":5}},"98":{"start":{"line":198,"column":6},"end":{"line":198,"column":31}},"99":{"start":{"line":199,"column":6},"end":{"line":199,"column":92}},"100":{"start":{"line":202,"column":4},"end":{"line":202,"column":27}},"101":{"start":{"line":203,"column":4},"end":{"line":203,"column":24}},"102":{"start":{"line":204,"column":4},"end":{"line":204,"column":23}},"103":{"start":{"line":205,"column":4},"end":{"line":205,"column":23}},"104":{"start":{"line":208,"column":29},"end":{"line":214,"column":3}},"105":{"start":{"line":209,"column":4},"end":{"line":209,"column":26}},"106":{"start":{"line":210,"column":4},"end":{"line":210,"column":58}},"107":{"start":{"line":211,"column":4},"end":{"line":211,"column":33}},"108":{"start":{"line":213,"column":4},"end":{"line":213,"column":21}},"109":{"start":{"line":216,"column":19},"end":{"line":231,"column":23}},"110":{"start":{"line":218,"column":4},"end":{"line":230,"column":96}},"111":{"start":{"line":219,"column":19},"end":{"line":219,"column":29}},"112":{"start":{"line":221,"column":26},"end":{"line":221,"column":70}},"113":{"start":{"line":221,"column":50},"end":{"line":221,"column":69}},"114":{"start":{"line":222,"column":27},"end":{"line":222,"column":100}},"115":{"start":{"line":222,"column":73},"end":{"line":222,"column":94}},"116":{"start":{"line":223,"column":28},"end":{"line":223,"column":142}},"117":{"start":{"line":223,"column":88},"end":{"line":223,"column":140}},"118":{"start":{"line":226,"column":8},"end":{"line":226,"column":33}},"119":{"start":{"line":228,"column":8},"end":{"line":228,"column":64}},"120":{"start":{"line":230,"column":18},"end":{"line":230,"column":94}},"121":{"start":{"line":233,"column":2},"end":{"line":239,"column":9}},"122":{"start":{"line":234,"column":4},"end":{"line":234,"column":50}},"123":{"start":{"line":234,"column":43},"end":{"line":234,"column":50}},"124":{"start":{"line":236,"column":20},"end":{"line":236,"column":52}},"125":{"start":{"line":237,"column":16},"end":{"line":237,"column":42}},"126":{"start":{"line":238,"column":4},"end":{"line":238,"column":23}},"127":{"start":{"line":238,"column":17},"end":{"line":238,"column":22}},"128":{"start":{"line":241,"column":2},"end":{"line":292,"column":66}},"129":{"start":{"line":242,"column":4},"end":{"line":291,"column":5}},"130":{"start":{"line":243,"column":6},"end":{"line":247,"column":7}},"131":{"start":{"line":245,"column":8},"end":{"line":245,"column":29}},"132":{"start":{"line":246,"column":8},"end":{"line":246,"column":15}},"133":{"start":{"line":248,"column":27},"end":{"line":248,"column":89}},"134":{"start":{"line":249,"column":6},"end":{"line":249,"column":35}},"135":{"start":{"line":250,"column":25},"end":{"line":250,"column":69}},"136":{"start":{"line":253,"column":37},"end":{"line":253,"column":51}},"137":{"start":{"line":254,"column":24},"end":{"line":254,"column":34}},"138":{"start":{"line":256,"column":50},"end":{"line":256,"column":82}},"139":{"start":{"line":257,"column":6},"end":{"line":260,"column":7}},"140":{"start":{"line":258,"column":8},"end":{"line":258,"column":40}},"141":{"start":{"line":259,"column":8},"end":{"line":259,"column":38}},"142":{"start":{"line":262,"column":6},"end":{"line":269,"column":11}},"143":{"start":{"line":267,"column":10},"end":{"line":267,"column":89}},"144":{"start":{"line":268,"column":10},"end":{"line":268,"column":31}},"145":{"start":{"line":271,"column":29},"end":{"line":273,"column":32}},"146":{"start":{"line":272,"column":8},"end":{"line":272,"column":27}},"147":{"start":{"line":275,"column":26},"end":{"line":284,"column":8}},"148":{"start":{"line":276,"column":21},"end":{"line":276,"column":35}},"149":{"start":{"line":277,"column":8},"end":{"line":283,"column":9}},"150":{"start":{"line":278,"column":10},"end":{"line":278,"column":39}},"151":{"start":{"line":279,"column":10},"end":{"line":279,"column":37}},"152":{"start":{"line":280,"column":10},"end":{"line":280,"column":35}},"153":{"start":{"line":281,"column":10},"end":{"line":281,"column":29}},"154":{"start":{"line":282,"column":10},"end":{"line":282,"column":31}},"155":{"start":{"line":287,"column":6},"end":{"line":290,"column":8}},"156":{"start":{"line":288,"column":8},"end":{"line":288,"column":37}},"157":{"start":{"line":289,"column":8},"end":{"line":289,"column":22}},"158":{"start":{"line":295,"column":34},"end":{"line":295,"column":57}},"159":{"start":{"line":296,"column":34},"end":{"line":296,"column":49}},"160":{"start":{"line":297,"column":26},"end":{"line":301,"column":4}},"161":{"start":{"line":298,"column":27},"end":{"line":298,"column":103}},"162":{"start":{"line":298,"column":60},"end":{"line":298,"column":102}},"163":{"start":{"line":299,"column":24},"end":{"line":299,"column":73}},"164":{"start":{"line":300,"column":4},"end":{"line":300,"column":39}},"165":{"start":{"line":303,"column":25},"end":{"line":306,"column":4}},"166":{"start":{"line":304,"column":22},"end":{"line":304,"column":65}},"167":{"start":{"line":305,"column":4},"end":{"line":305,"column":141}},"168":{"start":{"line":307,"column":44},"end":{"line":307,"column":59}},"169":{"start":{"line":308,"column":50},"end":{"line":308,"column":79}},"170":{"start":{"line":309,"column":52},"end":{"line":309,"column":99}},"171":{"start":{"line":310,"column":56},"end":{"line":310,"column":103}},"172":{"start":{"line":311,"column":54},"end":{"line":311,"column":69}},"173":{"start":{"line":312,"column":52},"end":{"line":312,"column":67}},"174":{"start":{"line":313,"column":36},"end":{"line":313,"column":66}},"175":{"start":{"line":314,"column":28},"end":{"line":314,"column":41}},"176":{"start":{"line":316,"column":31},"end":{"line":347,"column":8}},"177":{"start":{"line":317,"column":4},"end":{"line":317,"column":62}},"178":{"start":{"line":318,"column":4},"end":{"line":321,"column":5}},"179":{"start":{"line":320,"column":6},"end":{"line":320,"column":13}},"180":{"start":{"line":322,"column":24},"end":{"line":322,"column":52}},"181":{"start":{"line":323,"column":23},"end":{"line":323,"column":50}},"182":{"start":{"line":325,"column":4},"end":{"line":346,"column":5}},"183":{"start":{"line":326,"column":23},"end":{"line":326,"column":98}},"184":{"start":{"line":327,"column":6},"end":{"line":343,"column":7}},"185":{"start":{"line":328,"column":49},"end":{"line":328,"column":51}},"186":{"start":{"line":329,"column":20},"end":{"line":329,"column":21}},"187":{"start":{"line":330,"column":8},"end":{"line":333,"column":11}},"188":{"start":{"line":331,"column":10},"end":{"line":331,"column":37}},"189":{"start":{"line":332,"column":10},"end":{"line":332,"column":18}},"190":{"start":{"line":335,"column":8},"end":{"line":340,"column":9}},"191":{"start":{"line":336,"column":10},"end":{"line":336,"column":45}},"192":{"start":{"line":337,"column":10},"end":{"line":337,"column":68}},"193":{"start":{"line":339,"column":10},"end":{"line":339,"column":60}},"194":{"start":{"line":342,"column":8},"end":{"line":342,"column":58}},"195":{"start":{"line":345,"column":6},"end":{"line":345,"column":74}},"196":{"start":{"line":350,"column":2},"end":{"line":354,"column":29}},"197":{"start":{"line":351,"column":4},"end":{"line":351,"column":13}},"198":{"start":{"line":352,"column":4},"end":{"line":352,"column":23}},"199":{"start":{"line":353,"column":4},"end":{"line":353,"column":27}},"200":{"start":{"line":356,"column":2},"end":{"line":360,"column":32}},"201":{"start":{"line":357,"column":4},"end":{"line":359,"column":5}},"202":{"start":{"line":358,"column":6},"end":{"line":358,"column":39}},"203":{"start":{"line":362,"column":30},"end":{"line":371,"column":3}},"204":{"start":{"line":363,"column":4},"end":{"line":366,"column":5}},"205":{"start":{"line":364,"column":6},"end":{"line":364,"column":51}},"206":{"start":{"line":365,"column":6},"end":{"line":365,"column":13}},"207":{"start":{"line":368,"column":24},"end":{"line":368,"column":65}},"208":{"start":{"line":368,"column":50},"end":{"line":368,"column":64}},"209":{"start":{"line":369,"column":4},"end":{"line":369,"column":29}},"210":{"start":{"line":370,"column":4},"end":{"line":370,"column":91}},"211":{"start":{"line":372,"column":26},"end":{"line":377,"column":3}},"212":{"start":{"line":373,"column":4},"end":{"line":373,"column":31}},"213":{"start":{"line":373,"column":24},"end":{"line":373,"column":31}},"214":{"start":{"line":374,"column":4},"end":{"line":374,"column":31}},"215":{"start":{"line":375,"column":4},"end":{"line":375,"column":42}},"216":{"start":{"line":376,"column":4},"end":{"line":376,"column":67}},"217":{"start":{"line":379,"column":25},"end":{"line":382,"column":3}},"218":{"start":{"line":380,"column":4},"end":{"line":380,"column":23}},"219":{"start":{"line":381,"column":4},"end":{"line":381,"column":39}},"220":{"start":{"line":384,"column":21},"end":{"line":393,"column":3}},"221":{"start":{"line":385,"column":4},"end":{"line":385,"column":60}},"222":{"start":{"line":385,"column":53},"end":{"line":385,"column":60}},"223":{"start":{"line":386,"column":24},"end":{"line":386,"column":37}},"224":{"start":{"line":387,"column":26},"end":{"line":387,"column":65}},"225":{"start":{"line":388,"column":4},"end":{"line":388,"column":50}},"226":{"start":{"line":390,"column":4},"end":{"line":390,"column":29}},"227":{"start":{"line":391,"column":4},"end":{"line":391,"column":30}},"228":{"start":{"line":392,"column":4},"end":{"line":392,"column":95}},"229":{"start":{"line":395,"column":27},"end":{"line":404,"column":3}},"230":{"start":{"line":396,"column":4},"end":{"line":396,"column":31}},"231":{"start":{"line":396,"column":24},"end":{"line":396,"column":31}},"232":{"start":{"line":397,"column":18},"end":{"line":397,"column":30}},"233":{"start":{"line":398,"column":23},"end":{"line":398,"column":62}},"234":{"start":{"line":399,"column":4},"end":{"line":399,"column":100}},"235":{"start":{"line":400,"column":4},"end":{"line":400,"column":67}},"236":{"start":{"line":401,"column":4},"end":{"line":401,"column":31}},"237":{"start":{"line":402,"column":4},"end":{"line":402,"column":34}},"238":{"start":{"line":403,"column":4},"end":{"line":403,"column":23}},"239":{"start":{"line":406,"column":26},"end":{"line":411,"column":3}},"240":{"start":{"line":407,"column":4},"end":{"line":407,"column":42}},"241":{"start":{"line":407,"column":35},"end":{"line":407,"column":42}},"242":{"start":{"line":408,"column":18},"end":{"line":408,"column":30}},"243":{"start":{"line":409,"column":4},"end":{"line":409,"column":67}},"244":{"start":{"line":410,"column":4},"end":{"line":410,"column":23}},"245":{"start":{"line":413,"column":25},"end":{"line":451,"column":3}},"246":{"start":{"line":414,"column":4},"end":{"line":414,"column":74}},"247":{"start":{"line":414,"column":67},"end":{"line":414,"column":74}},"248":{"start":{"line":416,"column":24},"end":{"line":416,"column":37}},"249":{"start":{"line":417,"column":26},"end":{"line":417,"column":65}},"250":{"start":{"line":419,"column":20},"end":{"line":419,"column":38}},"251":{"start":{"line":421,"column":28},"end":{"line":421,"column":87}},"252":{"start":{"line":424,"column":24},"end":{"line":424,"column":28}},"253":{"start":{"line":425,"column":4},"end":{"line":437,"column":5}},"254":{"start":{"line":425,"column":17},"end":{"line":425,"column":18}},"255":{"start":{"line":426,"column":22},"end":{"line":426,"column":40}},"256":{"start":{"line":427,"column":19},"end":{"line":427,"column":50}},"257":{"start":{"line":428,"column":6},"end":{"line":436,"column":7}},"258":{"start":{"line":434,"column":8},"end":{"line":434,"column":32}},"259":{"start":{"line":435,"column":8},"end":{"line":435,"column":14}},"260":{"start":{"line":439,"column":4},"end":{"line":441,"column":5}},"261":{"start":{"line":440,"column":6},"end":{"line":440,"column":57}},"262":{"start":{"line":443,"column":4},"end":{"line":443,"column":50}},"263":{"start":{"line":445,"column":4},"end":{"line":445,"column":29}},"264":{"start":{"line":447,"column":4},"end":{"line":447,"column":30}},"265":{"start":{"line":448,"column":4},"end":{"line":448,"column":31}},"266":{"start":{"line":449,"column":4},"end":{"line":449,"column":33}},"267":{"start":{"line":450,"column":4},"end":{"line":450,"column":23}},"268":{"start":{"line":453,"column":27},"end":{"line":492,"column":3}},"269":{"start":{"line":454,"column":26},"end":{"line":454,"column":61}},"270":{"start":{"line":455,"column":23},"end":{"line":455,"column":48}},"271":{"start":{"line":457,"column":4},"end":{"line":460,"column":5}},"272":{"start":{"line":458,"column":6},"end":{"line":458,"column":56}},"273":{"start":{"line":459,"column":6},"end":{"line":459,"column":13}},"274":{"start":{"line":462,"column":4},"end":{"line":475,"column":5}},"275":{"start":{"line":464,"column":6},"end":{"line":473,"column":7}},"276":{"start":{"line":465,"column":24},"end":{"line":465,"column":56}},"277":{"start":{"line":466,"column":20},"end":{"line":466,"column":49}},"278":{"start":{"line":467,"column":8},"end":{"line":467,"column":46}},"279":{"start":{"line":468,"column":8},"end":{"line":468,"column":54}},"280":{"start":{"line":469,"column":8},"end":{"line":469,"column":106}},"281":{"start":{"line":471,"column":8},"end":{"line":471,"column":80}},"282":{"start":{"line":472,"column":8},"end":{"line":472,"column":52}},"283":{"start":{"line":474,"column":6},"end":{"line":474,"column":13}},"284":{"start":{"line":477,"column":22},"end":{"line":477,"column":87}},"285":{"start":{"line":478,"column":23},"end":{"line":478,"column":72}},"286":{"start":{"line":479,"column":24},"end":{"line":479,"column":67}},"287":{"start":{"line":481,"column":4},"end":{"line":491,"column":9}},"288":{"start":{"line":483,"column":20},"end":{"line":483,"column":49}},"289":{"start":{"line":484,"column":8},"end":{"line":484,"column":62}},"290":{"start":{"line":485,"column":8},"end":{"line":485,"column":40}},"291":{"start":{"line":486,"column":8},"end":{"line":486,"column":106}},"292":{"start":{"line":489,"column":8},"end":{"line":489,"column":81}},"293":{"start":{"line":490,"column":8},"end":{"line":490,"column":70}},"294":{"start":{"line":494,"column":2},"end":{"line":557,"column":9}},"295":{"start":{"line":495,"column":22},"end":{"line":495,"column":65}},"296":{"start":{"line":496,"column":32},"end":{"line":496,"column":67}},"297":{"start":{"line":498,"column":23},"end":{"line":506,"column":5}},"298":{"start":{"line":499,"column":18},"end":{"line":499,"column":47}},"299":{"start":{"line":500,"column":6},"end":{"line":500,"column":52}},"300":{"start":{"line":501,"column":6},"end":{"line":501,"column":38}},"301":{"start":{"line":503,"column":6},"end":{"line":505,"column":14}},"302":{"start":{"line":504,"column":8},"end":{"line":504,"column":81}},"303":{"start":{"line":508,"column":4},"end":{"line":536,"column":5}},"304":{"start":{"line":509,"column":6},"end":{"line":514,"column":7}},"305":{"start":{"line":510,"column":8},"end":{"line":510,"column":109}},"306":{"start":{"line":511,"column":8},"end":{"line":511,"column":36}},"307":{"start":{"line":512,"column":8},"end":{"line":512,"column":21}},"308":{"start":{"line":513,"column":8},"end":{"line":513,"column":15}},"309":{"start":{"line":515,"column":25},"end":{"line":515,"column":84}},"310":{"start":{"line":516,"column":6},"end":{"line":533,"column":9}},"311":{"start":{"line":517,"column":8},"end":{"line":526,"column":9}},"312":{"start":{"line":518,"column":23},"end":{"line":518,"column":37}},"313":{"start":{"line":519,"column":10},"end":{"line":523,"column":11}},"314":{"start":{"line":520,"column":12},"end":{"line":520,"column":35}},"315":{"start":{"line":522,"column":12},"end":{"line":522,"column":31}},"316":{"start":{"line":525,"column":10},"end":{"line":525,"column":57}},"317":{"start":{"line":527,"column":8},"end":{"line":527,"column":36}},"318":{"start":{"line":528,"column":8},"end":{"line":528,"column":21}},"319":{"start":{"line":530,"column":8},"end":{"line":530,"column":66}},"320":{"start":{"line":531,"column":8},"end":{"line":531,"column":36}},"321":{"start":{"line":532,"column":8},"end":{"line":532,"column":21}},"322":{"start":{"line":534,"column":6},"end":{"line":534,"column":33}},"323":{"start":{"line":535,"column":6},"end":{"line":535,"column":13}},"324":{"start":{"line":538,"column":22},"end":{"line":538,"column":43}},"325":{"start":{"line":539,"column":4},"end":{"line":554,"column":5}},"326":{"start":{"line":540,"column":6},"end":{"line":549,"column":7}},"327":{"start":{"line":541,"column":24},"end":{"line":541,"column":39}},"328":{"start":{"line":542,"column":21},"end":{"line":542,"column":40}},"329":{"start":{"line":543,"column":8},"end":{"line":546,"column":9}},"330":{"start":{"line":544,"column":10},"end":{"line":544,"column":87}},"331":{"start":{"line":545,"column":10},"end":{"line":545,"column":28}},"332":{"start":{"line":548,"column":8},"end":{"line":548,"column":75}},"333":{"start":{"line":550,"column":6},"end":{"line":550,"column":33}},"334":{"start":{"line":551,"column":6},"end":{"line":551,"column":34}},"335":{"start":{"line":552,"column":6},"end":{"line":552,"column":19}},"336":{"start":{"line":553,"column":6},"end":{"line":553,"column":13}},"337":{"start":{"line":556,"column":4},"end":{"line":556,"column":32}},"338":{"start":{"line":561,"column":2},"end":{"line":612,"column":30}},"339":{"start":{"line":562,"column":4},"end":{"line":581,"column":5}},"340":{"start":{"line":563,"column":6},"end":{"line":580,"column":7}},"341":{"start":{"line":564,"column":8},"end":{"line":564,"column":63}},"342":{"start":{"line":565,"column":8},"end":{"line":577,"column":10}},"343":{"start":{"line":566,"column":23},"end":{"line":566,"column":33}},"344":{"start":{"line":567,"column":10},"end":{"line":567,"column":59}},"345":{"start":{"line":567,"column":52},"end":{"line":567,"column":59}},"346":{"start":{"line":568,"column":46},"end":{"line":568,"column":108}},"347":{"start":{"line":569,"column":10},"end":{"line":569,"column":44}},"348":{"start":{"line":569,"column":37},"end":{"line":569,"column":44}},"349":{"start":{"line":570,"column":10},"end":{"line":576,"column":11}},"350":{"start":{"line":571,"column":12},"end":{"line":571,"column":75}},"351":{"start":{"line":572,"column":12},"end":{"line":572,"column":30}},"352":{"start":{"line":573,"column":12},"end":{"line":573,"column":36}},"353":{"start":{"line":575,"column":12},"end":{"line":575,"column":90}},"354":{"start":{"line":579,"column":8},"end":{"line":579,"column":90}},"355":{"start":{"line":583,"column":22},"end":{"line":599,"column":5}},"356":{"start":{"line":584,"column":6},"end":{"line":584,"column":50}},"357":{"start":{"line":584,"column":43},"end":{"line":584,"column":50}},"358":{"start":{"line":585,"column":6},"end":{"line":598,"column":7}},"359":{"start":{"line":586,"column":21},"end":{"line":586,"column":77}},"360":{"start":{"line":587,"column":8},"end":{"line":595,"column":9}},"361":{"start":{"line":588,"column":25},"end":{"line":588,"column":63}},"362":{"start":{"line":589,"column":10},"end":{"line":594,"column":11}},"363":{"start":{"line":590,"column":25},"end":{"line":590,"column":56}},"364":{"start":{"line":591,"column":12},"end":{"line":591,"column":75}},"365":{"start":{"line":592,"column":12},"end":{"line":592,"column":30}},"366":{"start":{"line":593,"column":12},"end":{"line":593,"column":41}},"367":{"start":{"line":597,"column":8},"end":{"line":597,"column":69}},"368":{"start":{"line":600,"column":4},"end":{"line":600,"column":50}},"369":{"start":{"line":602,"column":17},"end":{"line":602,"column":27}},"370":{"start":{"line":603,"column":4},"end":{"line":603,"column":43}},"371":{"start":{"line":603,"column":14},"end":{"line":603,"column":43}},"372":{"start":{"line":605,"column":4},"end":{"line":611,"column":6}},"373":{"start":{"line":606,"column":6},"end":{"line":606,"column":55}},"374":{"start":{"line":607,"column":6},"end":{"line":610,"column":7}},"375":{"start":{"line":608,"column":8},"end":{"line":608,"column":30}},"376":{"start":{"line":609,"column":8},"end":{"line":609,"column":29}},"377":{"start":{"line":614,"column":2},"end":{"line":620,"column":9}},"378":{"start":{"line":615,"column":27},"end":{"line":616,"column":5}},"379":{"start":{"line":618,"column":4},"end":{"line":618,"column":56}},"380":{"start":{"line":619,"column":4},"end":{"line":619,"column":72}},"381":{"start":{"line":619,"column":17},"end":{"line":619,"column":71}},"382":{"start":{"line":622,"column":22},"end":{"line":626,"column":3}},"383":{"start":{"line":623,"column":21},"end":{"line":623,"column":57}},"384":{"start":{"line":624,"column":4},"end":{"line":624,"column":23}},"385":{"start":{"line":625,"column":4},"end":{"line":625,"column":54}},"386":{"start":{"line":628,"column":25},"end":{"line":631,"column":3}},"387":{"start":{"line":629,"column":4},"end":{"line":629,"column":28}},"388":{"start":{"line":630,"column":4},"end":{"line":630,"column":38}},"389":{"start":{"line":633,"column":22},"end":{"line":636,"column":3}},"390":{"start":{"line":634,"column":4},"end":{"line":634,"column":29}},"391":{"start":{"line":634,"column":22},"end":{"line":634,"column":29}},"392":{"start":{"line":635,"column":4},"end":{"line":635,"column":27}},"393":{"start":{"line":638,"column":32},"end":{"line":640,"column":3}},"394":{"start":{"line":639,"column":4},"end":{"line":639,"column":35}},"395":{"start":{"line":642,"column":29},"end":{"line":673,"column":3}},"396":{"start":{"line":643,"column":4},"end":{"line":643,"column":36}},"397":{"start":{"line":644,"column":4},"end":{"line":644,"column":63}},"398":{"start":{"line":646,"column":4},"end":{"line":653,"column":5}},"399":{"start":{"line":647,"column":6},"end":{"line":647,"column":48}},"400":{"start":{"line":648,"column":6},"end":{"line":648,"column":53}},"401":{"start":{"line":649,"column":6},"end":{"line":649,"column":49}},"402":{"start":{"line":650,"column":6},"end":{"line":650,"column":24}},"403":{"start":{"line":652,"column":6},"end":{"line":652,"column":62}},"404":{"start":{"line":655,"column":4},"end":{"line":672,"column":9}},"405":{"start":{"line":656,"column":19},"end":{"line":656,"column":29}},"406":{"start":{"line":658,"column":26},"end":{"line":658,"column":74}},"407":{"start":{"line":658,"column":50},"end":{"line":658,"column":73}},"408":{"start":{"line":659,"column":27},"end":{"line":659,"column":104}},"409":{"start":{"line":659,"column":77},"end":{"line":659,"column":98}},"410":{"start":{"line":660,"column":28},"end":{"line":660,"column":142}},"411":{"start":{"line":660,"column":88},"end":{"line":660,"column":140}},"412":{"start":{"line":662,"column":8},"end":{"line":662,"column":99}},"413":{"start":{"line":664,"column":8},"end":{"line":664,"column":33}},"414":{"start":{"line":665,"column":8},"end":{"line":665,"column":58}},"415":{"start":{"line":667,"column":8},"end":{"line":667,"column":59}},"416":{"start":{"line":670,"column":8},"end":{"line":670,"column":61}},"417":{"start":{"line":671,"column":8},"end":{"line":671,"column":71}},"418":{"start":{"line":675,"column":24},"end":{"line":689,"column":3}},"419":{"start":{"line":676,"column":4},"end":{"line":688,"column":5}},"420":{"start":{"line":677,"column":24},"end":{"line":677,"column":36}},"421":{"start":{"line":678,"column":21},"end":{"line":678,"column":39}},"422":{"start":{"line":679,"column":6},"end":{"line":682,"column":8}},"423":{"start":{"line":684,"column":6},"end":{"line":687,"column":8}},"424":{"start":{"line":691,"column":2},"end":{"line":720,"column":58}},"425":{"start":{"line":692,"column":4},"end":{"line":692,"column":36}},"426":{"start":{"line":692,"column":29},"end":{"line":692,"column":36}},"427":{"start":{"line":694,"column":4},"end":{"line":694,"column":34}},"428":{"start":{"line":694,"column":27},"end":{"line":694,"column":34}},"429":{"start":{"line":696,"column":22},"end":{"line":696,"column":65}},"430":{"start":{"line":697,"column":4},"end":{"line":697,"column":91}},"431":{"start":{"line":697,"column":84},"end":{"line":697,"column":91}},"432":{"start":{"line":699,"column":4},"end":{"line":699,"column":79}},"433":{"start":{"line":701,"column":23},"end":{"line":701,"column":59}},"434":{"start":{"line":702,"column":4},"end":{"line":719,"column":5}},"435":{"start":{"line":703,"column":6},"end":{"line":703,"column":30}},"436":{"start":{"line":704,"column":6},"end":{"line":704,"column":79}},"437":{"start":{"line":706,"column":6},"end":{"line":718,"column":11}},"438":{"start":{"line":707,"column":21},"end":{"line":707,"column":31}},"439":{"start":{"line":709,"column":25},"end":{"line":709,"column":35}},"440":{"start":{"line":710,"column":28},"end":{"line":710,"column":72}},"441":{"start":{"line":710,"column":52},"end":{"line":710,"column":71}},"442":{"start":{"line":711,"column":29},"end":{"line":711,"column":102}},"443":{"start":{"line":711,"column":75},"end":{"line":711,"column":96}},"444":{"start":{"line":712,"column":30},"end":{"line":712,"column":144}},"445":{"start":{"line":712,"column":90},"end":{"line":712,"column":142}},"446":{"start":{"line":713,"column":10},"end":{"line":713,"column":35}},"447":{"start":{"line":714,"column":10},"end":{"line":714,"column":96}},"448":{"start":{"line":717,"column":10},"end":{"line":717,"column":65}},"449":{"start":{"line":722,"column":2},"end":{"line":734,"column":48}},"450":{"start":{"line":723,"column":4},"end":{"line":723,"column":29}},"451":{"start":{"line":723,"column":22},"end":{"line":723,"column":29}},"452":{"start":{"line":725,"column":4},"end":{"line":733,"column":5}},"453":{"start":{"line":726,"column":6},"end":{"line":730,"column":7}},"454":{"start":{"line":727,"column":8},"end":{"line":727,"column":76}},"455":{"start":{"line":728,"column":8},"end":{"line":728,"column":46}},"456":{"start":{"line":729,"column":8},"end":{"line":729,"column":42}},"457":{"start":{"line":732,"column":6},"end":{"line":732,"column":53}},"458":{"start":{"line":736,"column":2},"end":{"line":999,"column":4}},"459":{"start":{"line":745,"column":35},"end":{"line":745,"column":77}},"460":{"start":{"line":751,"column":18},"end":{"line":753,"column":24}},"461":{"start":{"line":751,"column":72},"end":{"line":751,"column":103}},"462":{"start":{"line":764,"column":55},"end":{"line":764,"column":67}},"463":{"start":{"line":775,"column":57},"end":{"line":775,"column":79}},"464":{"start":{"line":786,"column":14},"end":{"line":801,"column":16}},"465":{"start":{"line":821,"column":29},"end":{"line":821,"column":46}},"466":{"start":{"line":828,"column":291},"end":{"line":828,"column":341}},"467":{"start":{"line":828,"column":360},"end":{"line":828,"column":405}},"468":{"start":{"line":831,"column":302},"end":{"line":831,"column":352}},"469":{"start":{"line":831,"column":371},"end":{"line":831,"column":416}},"470":{"start":{"line":834,"column":304},"end":{"line":834,"column":354}},"471":{"start":{"line":834,"column":373},"end":{"line":834,"column":418}},"472":{"start":{"line":837,"column":293},"end":{"line":837,"column":343}},"473":{"start":{"line":837,"column":362},"end":{"line":837,"column":407}},"474":{"start":{"line":842,"column":141},"end":{"line":842,"column":191}},"475":{"start":{"line":842,"column":210},"end":{"line":842,"column":255}},"476":{"start":{"line":846,"column":143},"end":{"line":846,"column":193}},"477":{"start":{"line":846,"column":212},"end":{"line":846,"column":257}},"478":{"start":{"line":856,"column":222},"end":{"line":856,"column":253}},"479":{"start":{"line":870,"column":30},"end":{"line":870,"column":49}},"480":{"start":{"line":876,"column":61},"end":{"line":876,"column":92}},"481":{"start":{"line":882,"column":222},"end":{"line":882,"column":244}},"482":{"start":{"line":896,"column":30},"end":{"line":896,"column":49}},"483":{"start":{"line":907,"column":37},"end":{"line":907,"column":68}},"484":{"start":{"line":922,"column":37},"end":{"line":922,"column":67}},"485":{"start":{"line":947,"column":61},"end":{"line":947,"column":83}},"486":{"start":{"line":974,"column":33},"end":{"line":974,"column":92}},"487":{"start":{"line":984,"column":218},"end":{"line":984,"column":236}},"488":{"start":{"line":985,"column":271},"end":{"line":985,"column":290}},"489":{"start":{"line":993,"column":57},"end":{"line":993,"column":75}}},"fnMap":{"0":{"name":"App","decl":{"start":{"line":36,"column":9},"end":{"line":36,"column":12}},"loc":{"start":{"line":36,"column":15},"end":{"line":43,"column":1}},"line":36},"1":{"name":"MainApp","decl":{"start":{"line":45,"column":9},"end":{"line":45,"column":16}},"loc":{"start":{"line":45,"column":19},"end":{"line":1000,"column":1}},"line":45},"2":{"name":"(anonymous_2)","decl":{"start":{"line":51,"column":55},"end":{"line":51,"column":56}},"loc":{"start":{"line":51,"column":61},"end":{"line":58,"column":3}},"line":51},"3":{"name":"(anonymous_3)","decl":{"start":{"line":61,"column":37},"end":{"line":61,"column":38}},"loc":{"start":{"line":61,"column":43},"end":{"line":71,"column":3}},"line":61},"4":{"name":"(anonymous_4)","decl":{"start":{"line":73,"column":27},"end":{"line":73,"column":28}},"loc":{"start":{"line":73,"column":33},"end":{"line":78,"column":3}},"line":73},"5":{"name":"(anonymous_5)","decl":{"start":{"line":84,"column":19},"end":{"line":84,"column":20}},"loc":{"start":{"line":84,"column":42},"end":{"line":92,"column":3}},"line":84},"6":{"name":"(anonymous_6)","decl":{"start":{"line":94,"column":20},"end":{"line":94,"column":21}},"loc":{"start":{"line":94,"column":40},"end":{"line":100,"column":3}},"line":94},"7":{"name":"(anonymous_7)","decl":{"start":{"line":102,"column":26},"end":{"line":102,"column":27}},"loc":{"start":{"line":102,"column":114},"end":{"line":110,"column":3}},"line":102},"8":{"name":"(anonymous_8)","decl":{"start":{"line":112,"column":38},"end":{"line":112,"column":39}},"loc":{"start":{"line":112,"column":75},"end":{"line":133,"column":3}},"line":112},"9":{"name":"(anonymous_9)","decl":{"start":{"line":135,"column":26},"end":{"line":135,"column":27}},"loc":{"start":{"line":135,"column":64},"end":{"line":147,"column":3}},"line":135},"10":{"name":"(anonymous_10)","decl":{"start":{"line":152,"column":21},"end":{"line":152,"column":22}},"loc":{"start":{"line":152,"column":69},"end":{"line":165,"column":3}},"line":152},"11":{"name":"(anonymous_11)","decl":{"start":{"line":167,"column":31},"end":{"line":167,"column":32}},"loc":{"start":{"line":167,"column":55},"end":{"line":206,"column":3}},"line":167},"12":{"name":"(anonymous_12)","decl":{"start":{"line":208,"column":29},"end":{"line":208,"column":30}},"loc":{"start":{"line":208,"column":49},"end":{"line":214,"column":3}},"line":208},"13":{"name":"(anonymous_13)","decl":{"start":{"line":216,"column":31},"end":{"line":216,"column":32}},"loc":{"start":{"line":216,"column":51},"end":{"line":231,"column":3}},"line":216},"14":{"name":"(anonymous_14)","decl":{"start":{"line":219,"column":12},"end":{"line":219,"column":13}},"loc":{"start":{"line":219,"column":19},"end":{"line":219,"column":29}},"line":219},"15":{"name":"(anonymous_15)","decl":{"start":{"line":220,"column":12},"end":{"line":220,"column":13}},"loc":{"start":{"line":220,"column":22},"end":{"line":229,"column":7}},"line":220},"16":{"name":"(anonymous_16)","decl":{"start":{"line":221,"column":38},"end":{"line":221,"column":39}},"loc":{"start":{"line":221,"column":50},"end":{"line":221,"column":69}},"line":221},"17":{"name":"(anonymous_17)","decl":{"start":{"line":222,"column":61},"end":{"line":222,"column":62}},"loc":{"start":{"line":222,"column":73},"end":{"line":222,"column":94}},"line":222},"18":{"name":"(anonymous_18)","decl":{"start":{"line":223,"column":62},"end":{"line":223,"column":63}},"loc":{"start":{"line":223,"column":88},"end":{"line":223,"column":140}},"line":223},"19":{"name":"(anonymous_19)","decl":{"start":{"line":230,"column":13},"end":{"line":230,"column":14}},"loc":{"start":{"line":230,"column":18},"end":{"line":230,"column":94}},"line":230},"20":{"name":"(anonymous_20)","decl":{"start":{"line":233,"column":12},"end":{"line":233,"column":13}},"loc":{"start":{"line":233,"column":18},"end":{"line":239,"column":3}},"line":233},"21":{"name":"(anonymous_21)","decl":{"start":{"line":237,"column":33},"end":{"line":237,"column":34}},"loc":{"start":{"line":237,"column":39},"end":{"line":237,"column":41}},"line":237},"22":{"name":"(anonymous_22)","decl":{"start":{"line":238,"column":11},"end":{"line":238,"column":12}},"loc":{"start":{"line":238,"column":17},"end":{"line":238,"column":22}},"line":238},"23":{"name":"(anonymous_23)","decl":{"start":{"line":241,"column":12},"end":{"line":241,"column":13}},"loc":{"start":{"line":241,"column":18},"end":{"line":292,"column":3}},"line":241},"24":{"name":"(anonymous_24)","decl":{"start":{"line":263,"column":14},"end":{"line":263,"column":15}},"loc":{"start":{"line":263,"column":20},"end":{"line":265,"column":9}},"line":263},"25":{"name":"(anonymous_25)","decl":{"start":{"line":266,"column":15},"end":{"line":266,"column":16}},"loc":{"start":{"line":266,"column":26},"end":{"line":269,"column":9}},"line":266},"26":{"name":"(anonymous_26)","decl":{"start":{"line":271,"column":40},"end":{"line":271,"column":41}},"loc":{"start":{"line":271,"column":46},"end":{"line":273,"column":7}},"line":271},"27":{"name":"(anonymous_27)","decl":{"start":{"line":275,"column":46},"end":{"line":275,"column":47}},"loc":{"start":{"line":275,"column":60},"end":{"line":284,"column":7}},"line":275},"28":{"name":"(anonymous_28)","decl":{"start":{"line":287,"column":13},"end":{"line":287,"column":14}},"loc":{"start":{"line":287,"column":19},"end":{"line":290,"column":7}},"line":287},"29":{"name":"(anonymous_29)","decl":{"start":{"line":297,"column":35},"end":{"line":297,"column":36}},"loc":{"start":{"line":297,"column":41},"end":{"line":301,"column":3}},"line":297},"30":{"name":"(anonymous_30)","decl":{"start":{"line":298,"column":42},"end":{"line":298,"column":43}},"loc":{"start":{"line":298,"column":60},"end":{"line":298,"column":102}},"line":298},"31":{"name":"(anonymous_31)","decl":{"start":{"line":303,"column":34},"end":{"line":303,"column":35}},"loc":{"start":{"line":303,"column":40},"end":{"line":306,"column":3}},"line":303},"32":{"name":"(anonymous_32)","decl":{"start":{"line":316,"column":43},"end":{"line":316,"column":44}},"loc":{"start":{"line":316,"column":55},"end":{"line":347,"column":3}},"line":316},"33":{"name":"(anonymous_33)","decl":{"start":{"line":330,"column":25},"end":{"line":330,"column":26}},"loc":{"start":{"line":330,"column":36},"end":{"line":333,"column":9}},"line":330},"34":{"name":"(anonymous_34)","decl":{"start":{"line":350,"column":12},"end":{"line":350,"column":13}},"loc":{"start":{"line":350,"column":18},"end":{"line":354,"column":3}},"line":350},"35":{"name":"(anonymous_35)","decl":{"start":{"line":356,"column":12},"end":{"line":356,"column":13}},"loc":{"start":{"line":356,"column":18},"end":{"line":360,"column":3}},"line":356},"36":{"name":"(anonymous_36)","decl":{"start":{"line":362,"column":30},"end":{"line":362,"column":31}},"loc":{"start":{"line":362,"column":46},"end":{"line":371,"column":3}},"line":362},"37":{"name":"(anonymous_37)","decl":{"start":{"line":368,"column":40},"end":{"line":368,"column":41}},"loc":{"start":{"line":368,"column":50},"end":{"line":368,"column":64}},"line":368},"38":{"name":"(anonymous_38)","decl":{"start":{"line":372,"column":26},"end":{"line":372,"column":27}},"loc":{"start":{"line":372,"column":81},"end":{"line":377,"column":3}},"line":372},"39":{"name":"(anonymous_39)","decl":{"start":{"line":379,"column":25},"end":{"line":379,"column":26}},"loc":{"start":{"line":379,"column":65},"end":{"line":382,"column":3}},"line":379},"40":{"name":"(anonymous_40)","decl":{"start":{"line":384,"column":21},"end":{"line":384,"column":22}},"loc":{"start":{"line":384,"column":80},"end":{"line":393,"column":3}},"line":384},"41":{"name":"(anonymous_41)","decl":{"start":{"line":395,"column":27},"end":{"line":395,"column":28}},"loc":{"start":{"line":395,"column":83},"end":{"line":404,"column":3}},"line":395},"42":{"name":"(anonymous_42)","decl":{"start":{"line":406,"column":26},"end":{"line":406,"column":27}},"loc":{"start":{"line":406,"column":67},"end":{"line":411,"column":3}},"line":406},"43":{"name":"(anonymous_43)","decl":{"start":{"line":413,"column":25},"end":{"line":413,"column":26}},"loc":{"start":{"line":413,"column":66},"end":{"line":451,"column":3}},"line":413},"44":{"name":"(anonymous_44)","decl":{"start":{"line":453,"column":27},"end":{"line":453,"column":28}},"loc":{"start":{"line":453,"column":33},"end":{"line":492,"column":3}},"line":453},"45":{"name":"(anonymous_45)","decl":{"start":{"line":482,"column":12},"end":{"line":482,"column":13}},"loc":{"start":{"line":482,"column":18},"end":{"line":487,"column":7}},"line":482},"46":{"name":"(anonymous_46)","decl":{"start":{"line":488,"column":13},"end":{"line":488,"column":14}},"loc":{"start":{"line":488,"column":24},"end":{"line":491,"column":7}},"line":488},"47":{"name":"(anonymous_47)","decl":{"start":{"line":494,"column":12},"end":{"line":494,"column":13}},"loc":{"start":{"line":494,"column":18},"end":{"line":557,"column":3}},"line":494},"48":{"name":"(anonymous_48)","decl":{"start":{"line":498,"column":23},"end":{"line":498,"column":24}},"loc":{"start":{"line":498,"column":29},"end":{"line":506,"column":5}},"line":498},"49":{"name":"(anonymous_49)","decl":{"start":{"line":503,"column":17},"end":{"line":503,"column":18}},"loc":{"start":{"line":503,"column":23},"end":{"line":505,"column":7}},"line":503},"50":{"name":"(anonymous_50)","decl":{"start":{"line":516,"column":27},"end":{"line":516,"column":28}},"loc":{"start":{"line":516,"column":41},"end":{"line":529,"column":7}},"line":516},"51":{"name":"(anonymous_51)","decl":{"start":{"line":529,"column":15},"end":{"line":529,"column":16}},"loc":{"start":{"line":529,"column":20},"end":{"line":533,"column":7}},"line":529},"52":{"name":"(anonymous_52)","decl":{"start":{"line":561,"column":12},"end":{"line":561,"column":13}},"loc":{"start":{"line":561,"column":18},"end":{"line":612,"column":3}},"line":561},"53":{"name":"(anonymous_53)","decl":{"start":{"line":565,"column":34},"end":{"line":565,"column":35}},"loc":{"start":{"line":565,"column":59},"end":{"line":577,"column":9}},"line":565},"54":{"name":"(anonymous_54)","decl":{"start":{"line":583,"column":22},"end":{"line":583,"column":23}},"loc":{"start":{"line":583,"column":43},"end":{"line":599,"column":5}},"line":583},"55":{"name":"(anonymous_55)","decl":{"start":{"line":605,"column":11},"end":{"line":605,"column":12}},"loc":{"start":{"line":605,"column":17},"end":{"line":611,"column":5}},"line":605},"56":{"name":"(anonymous_56)","decl":{"start":{"line":614,"column":12},"end":{"line":614,"column":13}},"loc":{"start":{"line":614,"column":18},"end":{"line":620,"column":3}},"line":614},"57":{"name":"(anonymous_57)","decl":{"start":{"line":615,"column":27},"end":{"line":615,"column":28}},"loc":{"start":{"line":615,"column":33},"end":{"line":616,"column":5}},"line":615},"58":{"name":"(anonymous_58)","decl":{"start":{"line":619,"column":11},"end":{"line":619,"column":12}},"loc":{"start":{"line":619,"column":17},"end":{"line":619,"column":71}},"line":619},"59":{"name":"(anonymous_59)","decl":{"start":{"line":622,"column":22},"end":{"line":622,"column":23}},"loc":{"start":{"line":622,"column":28},"end":{"line":626,"column":3}},"line":622},"60":{"name":"(anonymous_60)","decl":{"start":{"line":628,"column":25},"end":{"line":628,"column":26}},"loc":{"start":{"line":628,"column":31},"end":{"line":631,"column":3}},"line":628},"61":{"name":"(anonymous_61)","decl":{"start":{"line":633,"column":22},"end":{"line":633,"column":23}},"loc":{"start":{"line":633,"column":28},"end":{"line":636,"column":3}},"line":633},"62":{"name":"(anonymous_62)","decl":{"start":{"line":638,"column":32},"end":{"line":638,"column":33}},"loc":{"start":{"line":638,"column":38},"end":{"line":640,"column":3}},"line":638},"63":{"name":"(anonymous_63)","decl":{"start":{"line":642,"column":29},"end":{"line":642,"column":30}},"loc":{"start":{"line":642,"column":35},"end":{"line":673,"column":3}},"line":642},"64":{"name":"(anonymous_64)","decl":{"start":{"line":656,"column":12},"end":{"line":656,"column":13}},"loc":{"start":{"line":656,"column":19},"end":{"line":656,"column":29}},"line":656},"65":{"name":"(anonymous_65)","decl":{"start":{"line":657,"column":12},"end":{"line":657,"column":13}},"loc":{"start":{"line":657,"column":22},"end":{"line":668,"column":7}},"line":657},"66":{"name":"(anonymous_66)","decl":{"start":{"line":658,"column":38},"end":{"line":658,"column":39}},"loc":{"start":{"line":658,"column":50},"end":{"line":658,"column":73}},"line":658},"67":{"name":"(anonymous_67)","decl":{"start":{"line":659,"column":65},"end":{"line":659,"column":66}},"loc":{"start":{"line":659,"column":77},"end":{"line":659,"column":98}},"line":659},"68":{"name":"(anonymous_68)","decl":{"start":{"line":660,"column":62},"end":{"line":660,"column":63}},"loc":{"start":{"line":660,"column":88},"end":{"line":660,"column":140}},"line":660},"69":{"name":"(anonymous_69)","decl":{"start":{"line":669,"column":13},"end":{"line":669,"column":14}},"loc":{"start":{"line":669,"column":18},"end":{"line":672,"column":7}},"line":669},"70":{"name":"(anonymous_70)","decl":{"start":{"line":675,"column":24},"end":{"line":675,"column":25}},"loc":{"start":{"line":675,"column":80},"end":{"line":689,"column":3}},"line":675},"71":{"name":"(anonymous_71)","decl":{"start":{"line":691,"column":12},"end":{"line":691,"column":13}},"loc":{"start":{"line":691,"column":18},"end":{"line":720,"column":3}},"line":691},"72":{"name":"(anonymous_72)","decl":{"start":{"line":707,"column":14},"end":{"line":707,"column":15}},"loc":{"start":{"line":707,"column":21},"end":{"line":707,"column":31}},"line":707},"73":{"name":"(anonymous_73)","decl":{"start":{"line":708,"column":14},"end":{"line":708,"column":15}},"loc":{"start":{"line":708,"column":24},"end":{"line":715,"column":9}},"line":708},"74":{"name":"(anonymous_74)","decl":{"start":{"line":710,"column":40},"end":{"line":710,"column":41}},"loc":{"start":{"line":710,"column":52},"end":{"line":710,"column":71}},"line":710},"75":{"name":"(anonymous_75)","decl":{"start":{"line":711,"column":63},"end":{"line":711,"column":64}},"loc":{"start":{"line":711,"column":75},"end":{"line":711,"column":96}},"line":711},"76":{"name":"(anonymous_76)","decl":{"start":{"line":712,"column":64},"end":{"line":712,"column":65}},"loc":{"start":{"line":712,"column":90},"end":{"line":712,"column":142}},"line":712},"77":{"name":"(anonymous_77)","decl":{"start":{"line":716,"column":15},"end":{"line":716,"column":16}},"loc":{"start":{"line":716,"column":20},"end":{"line":718,"column":9}},"line":716},"78":{"name":"(anonymous_78)","decl":{"start":{"line":722,"column":12},"end":{"line":722,"column":13}},"loc":{"start":{"line":722,"column":18},"end":{"line":734,"column":3}},"line":722},"79":{"name":"(anonymous_79)","decl":{"start":{"line":745,"column":29},"end":{"line":745,"column":30}},"loc":{"start":{"line":745,"column":35},"end":{"line":745,"column":77}},"line":745},"80":{"name":"(anonymous_80)","decl":{"start":{"line":750,"column":42},"end":{"line":750,"column":43}},"loc":{"start":{"line":751,"column":18},"end":{"line":753,"column":24}},"line":751},"81":{"name":"(anonymous_81)","decl":{"start":{"line":751,"column":66},"end":{"line":751,"column":67}},"loc":{"start":{"line":751,"column":72},"end":{"line":751,"column":103}},"line":751},"82":{"name":"(anonymous_82)","decl":{"start":{"line":764,"column":49},"end":{"line":764,"column":50}},"loc":{"start":{"line":764,"column":55},"end":{"line":764,"column":67}},"line":764},"83":{"name":"(anonymous_83)","decl":{"start":{"line":775,"column":51},"end":{"line":775,"column":52}},"loc":{"start":{"line":775,"column":57},"end":{"line":775,"column":79}},"line":775},"84":{"name":"(anonymous_84)","decl":{"start":{"line":785,"column":26},"end":{"line":785,"column":27}},"loc":{"start":{"line":786,"column":14},"end":{"line":801,"column":16}},"line":786},"85":{"name":"(anonymous_85)","decl":{"start":{"line":799,"column":61},"end":{"line":799,"column":62}},"loc":{"start":{"line":799,"column":67},"end":{"line":799,"column":69}},"line":799},"86":{"name":"(anonymous_86)","decl":{"start":{"line":821,"column":23},"end":{"line":821,"column":24}},"loc":{"start":{"line":821,"column":29},"end":{"line":821,"column":46}},"line":821},"87":{"name":"(anonymous_87)","decl":{"start":{"line":828,"column":286},"end":{"line":828,"column":287}},"loc":{"start":{"line":828,"column":291},"end":{"line":828,"column":341}},"line":828},"88":{"name":"(anonymous_88)","decl":{"start":{"line":828,"column":355},"end":{"line":828,"column":356}},"loc":{"start":{"line":828,"column":360},"end":{"line":828,"column":405}},"line":828},"89":{"name":"(anonymous_89)","decl":{"start":{"line":831,"column":297},"end":{"line":831,"column":298}},"loc":{"start":{"line":831,"column":302},"end":{"line":831,"column":352}},"line":831},"90":{"name":"(anonymous_90)","decl":{"start":{"line":831,"column":366},"end":{"line":831,"column":367}},"loc":{"start":{"line":831,"column":371},"end":{"line":831,"column":416}},"line":831},"91":{"name":"(anonymous_91)","decl":{"start":{"line":834,"column":299},"end":{"line":834,"column":300}},"loc":{"start":{"line":834,"column":304},"end":{"line":834,"column":354}},"line":834},"92":{"name":"(anonymous_92)","decl":{"start":{"line":834,"column":368},"end":{"line":834,"column":369}},"loc":{"start":{"line":834,"column":373},"end":{"line":834,"column":418}},"line":834},"93":{"name":"(anonymous_93)","decl":{"start":{"line":837,"column":288},"end":{"line":837,"column":289}},"loc":{"start":{"line":837,"column":293},"end":{"line":837,"column":343}},"line":837},"94":{"name":"(anonymous_94)","decl":{"start":{"line":837,"column":357},"end":{"line":837,"column":358}},"loc":{"start":{"line":837,"column":362},"end":{"line":837,"column":407}},"line":837},"95":{"name":"(anonymous_95)","decl":{"start":{"line":842,"column":136},"end":{"line":842,"column":137}},"loc":{"start":{"line":842,"column":141},"end":{"line":842,"column":191}},"line":842},"96":{"name":"(anonymous_96)","decl":{"start":{"line":842,"column":205},"end":{"line":842,"column":206}},"loc":{"start":{"line":842,"column":210},"end":{"line":842,"column":255}},"line":842},"97":{"name":"(anonymous_97)","decl":{"start":{"line":846,"column":138},"end":{"line":846,"column":139}},"loc":{"start":{"line":846,"column":143},"end":{"line":846,"column":193}},"line":846},"98":{"name":"(anonymous_98)","decl":{"start":{"line":846,"column":207},"end":{"line":846,"column":208}},"loc":{"start":{"line":846,"column":212},"end":{"line":846,"column":257}},"line":846},"99":{"name":"(anonymous_99)","decl":{"start":{"line":856,"column":216},"end":{"line":856,"column":217}},"loc":{"start":{"line":856,"column":222},"end":{"line":856,"column":253}},"line":856},"100":{"name":"(anonymous_100)","decl":{"start":{"line":870,"column":25},"end":{"line":870,"column":26}},"loc":{"start":{"line":870,"column":30},"end":{"line":870,"column":49}},"line":870},"101":{"name":"(anonymous_101)","decl":{"start":{"line":876,"column":55},"end":{"line":876,"column":56}},"loc":{"start":{"line":876,"column":61},"end":{"line":876,"column":92}},"line":876},"102":{"name":"(anonymous_102)","decl":{"start":{"line":882,"column":216},"end":{"line":882,"column":217}},"loc":{"start":{"line":882,"column":222},"end":{"line":882,"column":244}},"line":882},"103":{"name":"(anonymous_103)","decl":{"start":{"line":896,"column":25},"end":{"line":896,"column":26}},"loc":{"start":{"line":896,"column":30},"end":{"line":896,"column":49}},"line":896},"104":{"name":"(anonymous_104)","decl":{"start":{"line":907,"column":32},"end":{"line":907,"column":33}},"loc":{"start":{"line":907,"column":37},"end":{"line":907,"column":68}},"line":907},"105":{"name":"(anonymous_105)","decl":{"start":{"line":922,"column":32},"end":{"line":922,"column":33}},"loc":{"start":{"line":922,"column":37},"end":{"line":922,"column":67}},"line":922},"106":{"name":"(anonymous_106)","decl":{"start":{"line":947,"column":55},"end":{"line":947,"column":56}},"loc":{"start":{"line":947,"column":61},"end":{"line":947,"column":83}},"line":947},"107":{"name":"(anonymous_107)","decl":{"start":{"line":974,"column":25},"end":{"line":974,"column":26}},"loc":{"start":{"line":974,"column":33},"end":{"line":974,"column":92}},"line":974},"108":{"name":"(anonymous_108)","decl":{"start":{"line":984,"column":212},"end":{"line":984,"column":213}},"loc":{"start":{"line":984,"column":218},"end":{"line":984,"column":236}},"line":984},"109":{"name":"(anonymous_109)","decl":{"start":{"line":985,"column":266},"end":{"line":985,"column":267}},"loc":{"start":{"line":985,"column":271},"end":{"line":985,"column":290}},"line":985},"110":{"name":"(anonymous_110)","decl":{"start":{"line":993,"column":51},"end":{"line":993,"column":52}},"loc":{"start":{"line":993,"column":57},"end":{"line":993,"column":75}},"line":993}},"branchMap":{"0":{"loc":{"start":{"line":53,"column":4},"end":{"line":55,"column":5}},"type":"if","locations":[{"start":{"line":53,"column":4},"end":{"line":55,"column":5}},{"start":{},"end":{}}],"line":53},"1":{"loc":{"start":{"line":53,"column":8},"end":{"line":53,"column":43}},"type":"binary-expr","locations":[{"start":{"line":53,"column":8},"end":{"line":53,"column":19}},{"start":{"line":53,"column":23},"end":{"line":53,"column":43}}],"line":53},"2":{"loc":{"start":{"line":57,"column":11},"end":{"line":57,"column":84}},"type":"cond-expr","locations":[{"start":{"line":57,"column":49},"end":{"line":57,"column":73}},{"start":{"line":57,"column":76},"end":{"line":57,"column":84}}],"line":57},"3":{"loc":{"start":{"line":63,"column":24},"end":{"line":63,"column":102}},"type":"binary-expr","locations":[{"start":{"line":63,"column":24},"end":{"line":63,"column":41}},{"start":{"line":63,"column":45},"end":{"line":63,"column":102}}],"line":63},"4":{"loc":{"start":{"line":64,"column":4},"end":{"line":70,"column":5}},"type":"if","locations":[{"start":{"line":64,"column":4},"end":{"line":70,"column":5}},{"start":{"line":66,"column":11},"end":{"line":70,"column":5}}],"line":64},"5":{"loc":{"start":{"line":66,"column":11},"end":{"line":70,"column":5}},"type":"if","locations":[{"start":{"line":66,"column":11},"end":{"line":70,"column":5}},{"start":{"line":68,"column":11},"end":{"line":70,"column":5}}],"line":66},"6":{"loc":{"start":{"line":76,"column":17},"end":{"line":76,"column":114}},"type":"cond-expr","locations":[{"start":{"line":76,"column":70},"end":{"line":76,"column":89}},{"start":{"line":76,"column":92},"end":{"line":76,"column":114}}],"line":76},"7":{"loc":{"start":{"line":76,"column":17},"end":{"line":76,"column":67}},"type":"binary-expr","locations":[{"start":{"line":76,"column":17},"end":{"line":76,"column":46}},{"start":{"line":76,"column":50},"end":{"line":76,"column":67}}],"line":76},"8":{"loc":{"start":{"line":87,"column":13},"end":{"line":87,"column":55}},"type":"cond-expr","locations":[{"start":{"line":87,"column":20},"end":{"line":87,"column":47}},{"start":{"line":87,"column":51},"end":{"line":87,"column":55}}],"line":87},"9":{"loc":{"start":{"line":104,"column":6},"end":{"line":106,"column":7}},"type":"if","locations":[{"start":{"line":104,"column":6},"end":{"line":106,"column":7}},{"start":{},"end":{}}],"line":104},"10":{"loc":{"start":{"line":116,"column":27},"end":{"line":116,"column":52}},"type":"binary-expr","locations":[{"start":{"line":116,"column":27},"end":{"line":116,"column":47}},{"start":{"line":116,"column":51},"end":{"line":116,"column":52}}],"line":116},"11":{"loc":{"start":{"line":138,"column":6},"end":{"line":141,"column":7}},"type":"if","locations":[{"start":{"line":138,"column":6},"end":{"line":141,"column":7}},{"start":{},"end":{}}],"line":138},"12":{"loc":{"start":{"line":153,"column":4},"end":{"line":163,"column":5}},"type":"if","locations":[{"start":{"line":153,"column":4},"end":{"line":163,"column":5}},{"start":{"line":158,"column":11},"end":{"line":163,"column":5}}],"line":153},"13":{"loc":{"start":{"line":153,"column":8},"end":{"line":153,"column":53}},"type":"binary-expr","locations":[{"start":{"line":153,"column":8},"end":{"line":153,"column":18}},{"start":{"line":153,"column":22},"end":{"line":153,"column":53}}],"line":153},"14":{"loc":{"start":{"line":172,"column":4},"end":{"line":175,"column":5}},"type":"if","locations":[{"start":{"line":172,"column":4},"end":{"line":175,"column":5}},{"start":{},"end":{}}],"line":172},"15":{"loc":{"start":{"line":172,"column":8},"end":{"line":172,"column":21}},"type":"binary-expr","locations":[{"start":{"line":172,"column":8},"end":{"line":172,"column":13}},{"start":{"line":172,"column":17},"end":{"line":172,"column":21}}],"line":172},"16":{"loc":{"start":{"line":178,"column":4},"end":{"line":180,"column":5}},"type":"if","locations":[{"start":{"line":178,"column":4},"end":{"line":180,"column":5}},{"start":{},"end":{}}],"line":178},"17":{"loc":{"start":{"line":190,"column":4},"end":{"line":195,"column":5}},"type":"if","locations":[{"start":{"line":190,"column":4},"end":{"line":195,"column":5}},{"start":{"line":192,"column":11},"end":{"line":195,"column":5}}],"line":190},"18":{"loc":{"start":{"line":192,"column":11},"end":{"line":195,"column":5}},"type":"if","locations":[{"start":{"line":192,"column":11},"end":{"line":195,"column":5}},{"start":{},"end":{}}],"line":192},"19":{"loc":{"start":{"line":192,"column":15},"end":{"line":192,"column":57}},"type":"binary-expr","locations":[{"start":{"line":192,"column":15},"end":{"line":192,"column":35}},{"start":{"line":192,"column":39},"end":{"line":192,"column":57}}],"line":192},"20":{"loc":{"start":{"line":197,"column":4},"end":{"line":200,"column":5}},"type":"if","locations":[{"start":{"line":197,"column":4},"end":{"line":200,"column":5}},{"start":{},"end":{}}],"line":197},"21":{"loc":{"start":{"line":222,"column":27},"end":{"line":222,"column":100}},"type":"cond-expr","locations":[{"start":{"line":222,"column":49},"end":{"line":222,"column":95}},{"start":{"line":222,"column":98},"end":{"line":222,"column":100}}],"line":222},"22":{"loc":{"start":{"line":234,"column":4},"end":{"line":234,"column":50}},"type":"if","locations":[{"start":{"line":234,"column":4},"end":{"line":234,"column":50}},{"start":{},"end":{}}],"line":234},"23":{"loc":{"start":{"line":234,"column":8},"end":{"line":234,"column":41}},"type":"binary-expr","locations":[{"start":{"line":234,"column":8},"end":{"line":234,"column":28}},{"start":{"line":234,"column":32},"end":{"line":234,"column":41}}],"line":234},"24":{"loc":{"start":{"line":242,"column":4},"end":{"line":291,"column":5}},"type":"if","locations":[{"start":{"line":242,"column":4},"end":{"line":291,"column":5}},{"start":{},"end":{}}],"line":242},"25":{"loc":{"start":{"line":243,"column":6},"end":{"line":247,"column":7}},"type":"if","locations":[{"start":{"line":243,"column":6},"end":{"line":247,"column":7}},{"start":{},"end":{}}],"line":243},"26":{"loc":{"start":{"line":243,"column":10},"end":{"line":243,"column":43}},"type":"binary-expr","locations":[{"start":{"line":243,"column":10},"end":{"line":243,"column":30}},{"start":{"line":243,"column":34},"end":{"line":243,"column":43}}],"line":243},"27":{"loc":{"start":{"line":257,"column":6},"end":{"line":260,"column":7}},"type":"if","locations":[{"start":{"line":257,"column":6},"end":{"line":260,"column":7}},{"start":{},"end":{}}],"line":257},"28":{"loc":{"start":{"line":277,"column":8},"end":{"line":283,"column":9}},"type":"if","locations":[{"start":{"line":277,"column":8},"end":{"line":283,"column":9}},{"start":{},"end":{}}],"line":277},"29":{"loc":{"start":{"line":277,"column":12},"end":{"line":277,"column":47}},"type":"binary-expr","locations":[{"start":{"line":277,"column":12},"end":{"line":277,"column":16}},{"start":{"line":277,"column":20},"end":{"line":277,"column":47}}],"line":277},"30":{"loc":{"start":{"line":305,"column":11},"end":{"line":305,"column":140}},"type":"binary-expr","locations":[{"start":{"line":305,"column":11},"end":{"line":305,"column":32}},{"start":{"line":305,"column":36},"end":{"line":305,"column":71}},{"start":{"line":305,"column":75},"end":{"line":305,"column":110}},{"start":{"line":305,"column":114},"end":{"line":305,"column":140}}],"line":305},"31":{"loc":{"start":{"line":318,"column":4},"end":{"line":321,"column":5}},"type":"if","locations":[{"start":{"line":318,"column":4},"end":{"line":321,"column":5}},{"start":{},"end":{}}],"line":318},"32":{"loc":{"start":{"line":318,"column":8},"end":{"line":318,"column":41}},"type":"binary-expr","locations":[{"start":{"line":318,"column":8},"end":{"line":318,"column":28}},{"start":{"line":318,"column":32},"end":{"line":318,"column":41}}],"line":318},"33":{"loc":{"start":{"line":327,"column":6},"end":{"line":343,"column":7}},"type":"if","locations":[{"start":{"line":327,"column":6},"end":{"line":343,"column":7}},{"start":{"line":341,"column":13},"end":{"line":343,"column":7}}],"line":327},"34":{"loc":{"start":{"line":335,"column":8},"end":{"line":340,"column":9}},"type":"if","locations":[{"start":{"line":335,"column":8},"end":{"line":340,"column":9}},{"start":{"line":338,"column":15},"end":{"line":340,"column":9}}],"line":335},"35":{"loc":{"start":{"line":357,"column":4},"end":{"line":359,"column":5}},"type":"if","locations":[{"start":{"line":357,"column":4},"end":{"line":359,"column":5}},{"start":{},"end":{}}],"line":357},"36":{"loc":{"start":{"line":363,"column":4},"end":{"line":366,"column":5}},"type":"if","locations":[{"start":{"line":363,"column":4},"end":{"line":366,"column":5}},{"start":{},"end":{}}],"line":363},"37":{"loc":{"start":{"line":373,"column":4},"end":{"line":373,"column":31}},"type":"if","locations":[{"start":{"line":373,"column":4},"end":{"line":373,"column":31}},{"start":{},"end":{}}],"line":373},"38":{"loc":{"start":{"line":385,"column":4},"end":{"line":385,"column":60}},"type":"if","locations":[{"start":{"line":385,"column":4},"end":{"line":385,"column":60}},{"start":{},"end":{}}],"line":385},"39":{"loc":{"start":{"line":385,"column":8},"end":{"line":385,"column":51}},"type":"binary-expr","locations":[{"start":{"line":385,"column":8},"end":{"line":385,"column":22}},{"start":{"line":385,"column":26},"end":{"line":385,"column":51}}],"line":385},"40":{"loc":{"start":{"line":396,"column":4},"end":{"line":396,"column":31}},"type":"if","locations":[{"start":{"line":396,"column":4},"end":{"line":396,"column":31}},{"start":{},"end":{}}],"line":396},"41":{"loc":{"start":{"line":407,"column":4},"end":{"line":407,"column":42}},"type":"if","locations":[{"start":{"line":407,"column":4},"end":{"line":407,"column":42}},{"start":{},"end":{}}],"line":407},"42":{"loc":{"start":{"line":414,"column":4},"end":{"line":414,"column":74}},"type":"if","locations":[{"start":{"line":414,"column":4},"end":{"line":414,"column":74}},{"start":{},"end":{}}],"line":414},"43":{"loc":{"start":{"line":414,"column":8},"end":{"line":414,"column":65}},"type":"binary-expr","locations":[{"start":{"line":414,"column":8},"end":{"line":414,"column":33}},{"start":{"line":414,"column":37},"end":{"line":414,"column":65}}],"line":414},"44":{"loc":{"start":{"line":428,"column":6},"end":{"line":436,"column":7}},"type":"if","locations":[{"start":{"line":428,"column":6},"end":{"line":436,"column":7}},{"start":{},"end":{}}],"line":428},"45":{"loc":{"start":{"line":429,"column":8},"end":{"line":432,"column":44}},"type":"binary-expr","locations":[{"start":{"line":429,"column":8},"end":{"line":429,"column":42}},{"start":{"line":430,"column":8},"end":{"line":430,"column":43}},{"start":{"line":431,"column":8},"end":{"line":431,"column":41}},{"start":{"line":432,"column":8},"end":{"line":432,"column":44}}],"line":429},"46":{"loc":{"start":{"line":439,"column":4},"end":{"line":441,"column":5}},"type":"if","locations":[{"start":{"line":439,"column":4},"end":{"line":441,"column":5}},{"start":{},"end":{}}],"line":439},"47":{"loc":{"start":{"line":455,"column":23},"end":{"line":455,"column":48}},"type":"binary-expr","locations":[{"start":{"line":455,"column":23},"end":{"line":455,"column":36}},{"start":{"line":455,"column":40},"end":{"line":455,"column":48}}],"line":455},"48":{"loc":{"start":{"line":457,"column":4},"end":{"line":460,"column":5}},"type":"if","locations":[{"start":{"line":457,"column":4},"end":{"line":460,"column":5}},{"start":{},"end":{}}],"line":457},"49":{"loc":{"start":{"line":462,"column":4},"end":{"line":475,"column":5}},"type":"if","locations":[{"start":{"line":462,"column":4},"end":{"line":475,"column":5}},{"start":{},"end":{}}],"line":462},"50":{"loc":{"start":{"line":462,"column":8},"end":{"line":462,"column":41}},"type":"binary-expr","locations":[{"start":{"line":462,"column":8},"end":{"line":462,"column":28}},{"start":{"line":462,"column":32},"end":{"line":462,"column":41}}],"line":462},"51":{"loc":{"start":{"line":508,"column":4},"end":{"line":536,"column":5}},"type":"if","locations":[{"start":{"line":508,"column":4},"end":{"line":536,"column":5}},{"start":{},"end":{}}],"line":508},"52":{"loc":{"start":{"line":509,"column":6},"end":{"line":514,"column":7}},"type":"if","locations":[{"start":{"line":509,"column":6},"end":{"line":514,"column":7}},{"start":{},"end":{}}],"line":509},"53":{"loc":{"start":{"line":509,"column":10},"end":{"line":509,"column":43}},"type":"binary-expr","locations":[{"start":{"line":509,"column":10},"end":{"line":509,"column":30}},{"start":{"line":509,"column":34},"end":{"line":509,"column":43}}],"line":509},"54":{"loc":{"start":{"line":517,"column":8},"end":{"line":526,"column":9}},"type":"if","locations":[{"start":{"line":517,"column":8},"end":{"line":526,"column":9}},{"start":{"line":524,"column":15},"end":{"line":526,"column":9}}],"line":517},"55":{"loc":{"start":{"line":519,"column":10},"end":{"line":523,"column":11}},"type":"if","locations":[{"start":{"line":519,"column":10},"end":{"line":523,"column":11}},{"start":{},"end":{}}],"line":519},"56":{"loc":{"start":{"line":539,"column":4},"end":{"line":554,"column":5}},"type":"if","locations":[{"start":{"line":539,"column":4},"end":{"line":554,"column":5}},{"start":{},"end":{}}],"line":539},"57":{"loc":{"start":{"line":543,"column":8},"end":{"line":546,"column":9}},"type":"if","locations":[{"start":{"line":543,"column":8},"end":{"line":546,"column":9}},{"start":{},"end":{}}],"line":543},"58":{"loc":{"start":{"line":562,"column":4},"end":{"line":581,"column":5}},"type":"if","locations":[{"start":{"line":562,"column":4},"end":{"line":581,"column":5}},{"start":{},"end":{}}],"line":562},"59":{"loc":{"start":{"line":567,"column":10},"end":{"line":567,"column":59}},"type":"if","locations":[{"start":{"line":567,"column":10},"end":{"line":567,"column":59}},{"start":{},"end":{}}],"line":567},"60":{"loc":{"start":{"line":567,"column":14},"end":{"line":567,"column":50}},"type":"binary-expr","locations":[{"start":{"line":567,"column":14},"end":{"line":567,"column":19}},{"start":{"line":567,"column":23},"end":{"line":567,"column":50}}],"line":567},"61":{"loc":{"start":{"line":569,"column":10},"end":{"line":569,"column":44}},"type":"if","locations":[{"start":{"line":569,"column":10},"end":{"line":569,"column":44}},{"start":{},"end":{}}],"line":569},"62":{"loc":{"start":{"line":570,"column":10},"end":{"line":576,"column":11}},"type":"if","locations":[{"start":{"line":570,"column":10},"end":{"line":576,"column":11}},{"start":{"line":574,"column":17},"end":{"line":576,"column":11}}],"line":570},"63":{"loc":{"start":{"line":584,"column":6},"end":{"line":584,"column":50}},"type":"if","locations":[{"start":{"line":584,"column":6},"end":{"line":584,"column":50}},{"start":{},"end":{}}],"line":584},"64":{"loc":{"start":{"line":586,"column":21},"end":{"line":586,"column":77}},"type":"cond-expr","locations":[{"start":{"line":586,"column":35},"end":{"line":586,"column":69}},{"start":{"line":586,"column":73},"end":{"line":586,"column":77}}],"line":586},"65":{"loc":{"start":{"line":587,"column":8},"end":{"line":595,"column":9}},"type":"if","locations":[{"start":{"line":587,"column":8},"end":{"line":595,"column":9}},{"start":{},"end":{}}],"line":587},"66":{"loc":{"start":{"line":587,"column":12},"end":{"line":587,"column":76}},"type":"binary-expr","locations":[{"start":{"line":587,"column":12},"end":{"line":587,"column":16}},{"start":{"line":587,"column":20},"end":{"line":587,"column":46}},{"start":{"line":587,"column":50},"end":{"line":587,"column":76}}],"line":587},"67":{"loc":{"start":{"line":589,"column":10},"end":{"line":594,"column":11}},"type":"if","locations":[{"start":{"line":589,"column":10},"end":{"line":594,"column":11}},{"start":{},"end":{}}],"line":589},"68":{"loc":{"start":{"line":603,"column":4},"end":{"line":603,"column":43}},"type":"if","locations":[{"start":{"line":603,"column":4},"end":{"line":603,"column":43}},{"start":{},"end":{}}],"line":603},"69":{"loc":{"start":{"line":607,"column":6},"end":{"line":610,"column":7}},"type":"if","locations":[{"start":{"line":607,"column":6},"end":{"line":610,"column":7}},{"start":{},"end":{}}],"line":607},"70":{"loc":{"start":{"line":623,"column":21},"end":{"line":623,"column":57}},"type":"cond-expr","locations":[{"start":{"line":623,"column":41},"end":{"line":623,"column":47}},{"start":{"line":623,"column":50},"end":{"line":623,"column":57}}],"line":623},"71":{"loc":{"start":{"line":634,"column":4},"end":{"line":634,"column":29}},"type":"if","locations":[{"start":{"line":634,"column":4},"end":{"line":634,"column":29}},{"start":{},"end":{}}],"line":634},"72":{"loc":{"start":{"line":659,"column":27},"end":{"line":659,"column":104}},"type":"cond-expr","locations":[{"start":{"line":659,"column":53},"end":{"line":659,"column":99}},{"start":{"line":659,"column":102},"end":{"line":659,"column":104}}],"line":659},"73":{"loc":{"start":{"line":692,"column":4},"end":{"line":692,"column":36}},"type":"if","locations":[{"start":{"line":692,"column":4},"end":{"line":692,"column":36}},{"start":{},"end":{}}],"line":692},"74":{"loc":{"start":{"line":694,"column":4},"end":{"line":694,"column":34}},"type":"if","locations":[{"start":{"line":694,"column":4},"end":{"line":694,"column":34}},{"start":{},"end":{}}],"line":694},"75":{"loc":{"start":{"line":697,"column":4},"end":{"line":697,"column":91}},"type":"if","locations":[{"start":{"line":697,"column":4},"end":{"line":697,"column":91}},{"start":{},"end":{}}],"line":697},"76":{"loc":{"start":{"line":697,"column":8},"end":{"line":697,"column":82}},"type":"binary-expr","locations":[{"start":{"line":697,"column":8},"end":{"line":697,"column":43}},{"start":{"line":697,"column":47},"end":{"line":697,"column":82}}],"line":697},"77":{"loc":{"start":{"line":702,"column":4},"end":{"line":719,"column":5}},"type":"if","locations":[{"start":{"line":702,"column":4},"end":{"line":719,"column":5}},{"start":{"line":705,"column":11},"end":{"line":719,"column":5}}],"line":702},"78":{"loc":{"start":{"line":702,"column":8},"end":{"line":702,"column":43}},"type":"binary-expr","locations":[{"start":{"line":702,"column":8},"end":{"line":702,"column":18}},{"start":{"line":702,"column":22},"end":{"line":702,"column":43}}],"line":702},"79":{"loc":{"start":{"line":711,"column":29},"end":{"line":711,"column":102}},"type":"cond-expr","locations":[{"start":{"line":711,"column":51},"end":{"line":711,"column":97}},{"start":{"line":711,"column":100},"end":{"line":711,"column":102}}],"line":711},"80":{"loc":{"start":{"line":723,"column":4},"end":{"line":723,"column":29}},"type":"if","locations":[{"start":{"line":723,"column":4},"end":{"line":723,"column":29}},{"start":{},"end":{}}],"line":723},"81":{"loc":{"start":{"line":726,"column":6},"end":{"line":730,"column":7}},"type":"if","locations":[{"start":{"line":726,"column":6},"end":{"line":730,"column":7}},{"start":{},"end":{}}],"line":726},"82":{"loc":{"start":{"line":726,"column":10},"end":{"line":726,"column":70}},"type":"binary-expr","locations":[{"start":{"line":726,"column":10},"end":{"line":726,"column":18}},{"start":{"line":726,"column":22},"end":{"line":726,"column":41}},{"start":{"line":726,"column":45},"end":{"line":726,"column":70}}],"line":726},"83":{"loc":{"start":{"line":737,"column":27},"end":{"line":737,"column":73}},"type":"cond-expr","locations":[{"start":{"line":737,"column":47},"end":{"line":737,"column":59}},{"start":{"line":737,"column":62},"end":{"line":737,"column":73}}],"line":737},"84":{"loc":{"start":{"line":742,"column":13},"end":{"line":742,"column":44}},"type":"cond-expr","locations":[{"start":{"line":742,"column":33},"end":{"line":742,"column":37}},{"start":{"line":742,"column":40},"end":{"line":742,"column":44}}],"line":742},"85":{"loc":{"start":{"line":748,"column":13},"end":{"line":756,"column":13}},"type":"binary-expr","locations":[{"start":{"line":748,"column":13},"end":{"line":748,"column":31}},{"start":{"line":749,"column":14},"end":{"line":755,"column":20}}],"line":748},"86":{"loc":{"start":{"line":762,"column":11},"end":{"line":778,"column":11}},"type":"cond-expr","locations":[{"start":{"line":763,"column":12},"end":{"line":767,"column":15}},{"start":{"line":769,"column":12},"end":{"line":777,"column":15}}],"line":762},"87":{"loc":{"start":{"line":762,"column":11},"end":{"line":762,"column":41}},"type":"binary-expr","locations":[{"start":{"line":762,"column":11},"end":{"line":762,"column":24}},{"start":{"line":762,"column":28},"end":{"line":762,"column":41}}],"line":762},"88":{"loc":{"start":{"line":770,"column":15},"end":{"line":772,"column":15}},"type":"binary-expr","locations":[{"start":{"line":770,"column":15},"end":{"line":770,"column":28}},{"start":{"line":771,"column":16},"end":{"line":771,"column":108}}],"line":770},"89":{"loc":{"start":{"line":773,"column":103},"end":{"line":773,"column":139}},"type":"cond-expr","locations":[{"start":{"line":773,"column":123},"end":{"line":773,"column":129}},{"start":{"line":773,"column":132},"end":{"line":773,"column":139}}],"line":773},"90":{"loc":{"start":{"line":774,"column":15},"end":{"line":776,"column":15}},"type":"binary-expr","locations":[{"start":{"line":774,"column":15},"end":{"line":774,"column":28}},{"start":{"line":775,"column":16},"end":{"line":775,"column":111}}],"line":774},"91":{"loc":{"start":{"line":799,"column":32},"end":{"line":799,"column":69}},"type":"cond-expr","locations":[{"start":{"line":799,"column":48},"end":{"line":799,"column":58}},{"start":{"line":799,"column":61},"end":{"line":799,"column":69}}],"line":799},"92":{"loc":{"start":{"line":807,"column":9},"end":{"line":812,"column":9}},"type":"binary-expr","locations":[{"start":{"line":807,"column":9},"end":{"line":807,"column":23}},{"start":{"line":808,"column":10},"end":{"line":811,"column":16}}],"line":807},"93":{"loc":{"start":{"line":815,"column":63},"end":{"line":815,"column":125}},"type":"cond-expr","locations":[{"start":{"line":815,"column":82},"end":{"line":815,"column":99}},{"start":{"line":815,"column":102},"end":{"line":815,"column":125}}],"line":815},"94":{"loc":{"start":{"line":828,"column":77},"end":{"line":828,"column":117}},"type":"cond-expr","locations":[{"start":{"line":828,"column":96},"end":{"line":828,"column":105}},{"start":{"line":828,"column":108},"end":{"line":828,"column":117}}],"line":828},"95":{"loc":{"start":{"line":828,"column":176},"end":{"line":828,"column":238}},"type":"cond-expr","locations":[{"start":{"line":828,"column":195},"end":{"line":828,"column":218}},{"start":{"line":828,"column":221},"end":{"line":828,"column":238}}],"line":828},"96":{"loc":{"start":{"line":831,"column":88},"end":{"line":831,"column":128}},"type":"cond-expr","locations":[{"start":{"line":831,"column":107},"end":{"line":831,"column":116}},{"start":{"line":831,"column":119},"end":{"line":831,"column":128}}],"line":831},"97":{"loc":{"start":{"line":831,"column":187},"end":{"line":831,"column":249}},"type":"cond-expr","locations":[{"start":{"line":831,"column":206},"end":{"line":831,"column":229}},{"start":{"line":831,"column":232},"end":{"line":831,"column":249}}],"line":831},"98":{"loc":{"start":{"line":834,"column":90},"end":{"line":834,"column":130}},"type":"cond-expr","locations":[{"start":{"line":834,"column":109},"end":{"line":834,"column":118}},{"start":{"line":834,"column":121},"end":{"line":834,"column":130}}],"line":834},"99":{"loc":{"start":{"line":834,"column":189},"end":{"line":834,"column":251}},"type":"cond-expr","locations":[{"start":{"line":834,"column":208},"end":{"line":834,"column":231}},{"start":{"line":834,"column":234},"end":{"line":834,"column":251}}],"line":834},"100":{"loc":{"start":{"line":837,"column":79},"end":{"line":837,"column":119}},"type":"cond-expr","locations":[{"start":{"line":837,"column":98},"end":{"line":837,"column":107}},{"start":{"line":837,"column":110},"end":{"line":837,"column":119}}],"line":837},"101":{"loc":{"start":{"line":837,"column":178},"end":{"line":837,"column":240}},"type":"cond-expr","locations":[{"start":{"line":837,"column":197},"end":{"line":837,"column":220}},{"start":{"line":837,"column":223},"end":{"line":837,"column":240}}],"line":837},"102":{"loc":{"start":{"line":841,"column":115},"end":{"line":841,"column":155}},"type":"cond-expr","locations":[{"start":{"line":841,"column":134},"end":{"line":841,"column":143}},{"start":{"line":841,"column":146},"end":{"line":841,"column":155}}],"line":841},"103":{"loc":{"start":{"line":855,"column":9},"end":{"line":880,"c
[...]
name":"(anonymous_3)","decl":{"start":{"line":75,"column":31},"end":{"line":75,"column":32}},"loc":{"start":{"line":75,"column":66},"end":{"line":84,"column":3}},"line":75},"4":{"name":"(anonymous_4)","decl":{"start":{"line":86,"column":26},"end":{"line":86,"column":27}},"loc":{"start":{"line":86,"column":91},"end":{"line":109,"column":3}},"line":86},"5":{"name":"(anonymous_5)","decl":{"start":{"line":111,"column":29},"end":{"line":111,"column":30}},"loc":{"start":{"line":111,"column":55},"end":{"line":113,"column":3}},"line":111},"6":{"name":"(anonymous_6)","decl":{"start":{"line":173,"column":33},"end":{"line":173,"column":34}},"loc":{"start":{"line":174,"column":8},"end":{"line":193,"column":14}},"line":174},"7":{"name":"(anonymous_7)","decl":{"start":{"line":177,"column":19},"end":{"line":177,"column":20}},"loc":{"start":{"line":177,"column":25},"end":{"line":177,"column":52}},"line":177},"8":{"name":"(anonymous_8)","decl":{"start":{"line":186,"column":25},"end":{"line":186,"column":26}},"loc":{"start":{"line":186,"column":33},"end":{"line":186,"column":88}},"line":186}},"branchMap":{"0":{"loc":{"start":{"line":58,"column":8},"end":{"line":60,"column":9}},"type":"if","locations":[{"start":{"line":58,"column":8},"end":{"line":60,"column":9}},{"start":{},"end":{}}],"line":58},"1":{"loc":{"start":{"line":76,"column":4},"end":{"line":76,"column":33}},"type":"if","locations":[{"start":{"line":76,"column":4},"end":{"line":76,"column":33}},{"start":{},"end":{}}],"line":76},"2":{"loc":{"start":{"line":79,"column":4},"end":{"line":81,"column":5}},"type":"if","locations":[{"start":{"line":79,"column":4},"end":{"line":81,"column":5}},{"start":{},"end":{}}],"line":79},"3":{"loc":{"start":{"line":80,"column":13},"end":{"line":80,"column":62}},"type":"binary-expr","locations":[{"start":{"line":80,"column":13},"end":{"line":80,"column":33}},{"start":{"line":80,"column":37},"end":{"line":80,"column":56}},{"start":{"line":80,"column":60},"end":{"line":80,"column":62}}],"line":80},"4":{"loc":{"start":{"line":83,"column":11},"end":{"line":83,"column":37}},"type":"binary-expr","locations":[{"start":{"line":83,"column":11},"end":{"line":83,"column":31}},{"start":{"line":83,"column":35},"end":{"line":83,"column":37}}],"line":83},"5":{"loc":{"start":{"line":88,"column":4},"end":{"line":93,"column":5}},"type":"if","locations":[{"start":{"line":88,"column":4},"end":{"line":93,"column":5}},{"start":{},"end":{}}],"line":88},"6":{"loc":{"start":{"line":91,"column":18},"end":{"line":91,"column":98}},"type":"binary-expr","locations":[{"start":{"line":91,"column":18},"end":{"line":91,"column":49}},{"start":{"line":91,"column":53},"end":{"line":91,"column":81}},{"start":{"line":91,"column":85},"end":{"line":91,"column":98}}],"line":91},"7":{"loc":{"start":{"line":115,"column":2},"end":{"line":130,"column":3}},"type":"if","locations":[{"start":{"line":115,"column":2},"end":{"line":130,"column":3}},{"start":{},"end":{}}],"line":115},"8":{"loc":{"start":{"line":121,"column":19},"end":{"line":121,"column":59}},"type":"cond-expr","locations":[{"start":{"line":121,"column":38},"end":{"line":121,"column":47}},{"start":{"line":121,"column":50},"end":{"line":121,"column":59}}],"line":121},"9":{"loc":{"start":{"line":132,"column":2},"end":{"line":147,"column":3}},"type":"if","locations":[{"start":{"line":132,"column":2},"end":{"line":147,"column":3}},{"start":{},"end":{}}],"line":132},"10":{"loc":{"start":{"line":138,"column":19},"end":{"line":138,"column":59}},"type":"cond-expr","locations":[{"start":{"line":138,"column":38},"end":{"line":138,"column":47}},{"start":{"line":138,"column":50},"end":{"line":138,"column":59}}],"line":138},"11":{"loc":{"start":{"line":151,"column":2},"end":{"line":169,"column":3}},"type":"if","locations":[{"start":{"line":151,"column":2},"end":{"line":169,"column":3}},{"start":{},"end":{}}],"line":151},"12":{"loc":{"start":{"line":157,"column":19},"end":{"line":157,"column":59}},"type":"cond-expr","locations":[{"start":{"line":157,"column":38},"end":{"line":157,"column":47}},{"start":{"line":157,"column":50},"end":{"line":157,"column":59}}],"line":157}},"s":{"0":0,"1":0,"2":0,"3":0,"4":0,"5":0,"6":0,"7":0,"8":0,"9":0,"10":0,"11":0,"12":0,"13":0,"14":0,"15":0,"16":0,"17":0,"18":0,"19":0,"20":0,"21":0,"22":0,"23":0,"24":0,"25":0,"26":0,"27":0,"28":0,"29":0,"30":0,"31":0,"32":0,"33":0,"34":0,"35":0,"36":0,"37":0,"38":0,"39":0,"40":0,"41":0,"42":0,"43":0,"44":0,"45":0},"f":{"0":0,"1":0,"2":0,"3":0,"4":0,"5":0,"6":0,"7":0,"8":0},"b":{"0":[0,0],"1":[0,0],"2":[0,0],"3":[0,0,0],"4":[0,0],"5":[0,0],"6":[0,0,0],"7":[0,0],"8":[0,0],"9":[0,0],"10":[0,0],"11":[0,0],"12":[0,0]}}
,"/Users/tristan/github/teslalink/src/utils/analytics.ts": {"path":"/Users/tristan/github/teslalink/src/utils/analytics.ts","statementMap":{"0":{"start":{"line":2,"column":30},"end":{"line":2,"column":84}},"1":{"start":{"line":5,"column":22},"end":{"line":26,"column":1}},"2":{"start":{"line":6,"column":2},"end":{"line":25,"column":3}},"3":{"start":{"line":8,"column":20},"end":{"line":8,"column":52}},"4":{"start":{"line":9,"column":4},"end":{"line":9,"column":25}},"5":{"start":{"line":10,"column":4},"end":{"line":10,"column":82}},"6":{"start":{"line":11,"column":4},"end":{"line":11,"column":39}},"7":{"start":{"line":14,"column":20},"end":{"line":14,"column":52}},"8":{"start":{"line":15,"column":4},"end":{"line":23,"column":6}},"9":{"start":{"line":24,"column":4},"end":{"line":24,"column":39}},"10":{"start":{"line":29,"column":29},"end":{"line":36,"column":1}},"11":{"start":{"line":30,"column":2},"end":{"line":35,"column":3}},"12":{"start":{"line":31,"column":4},"end":{"line":34,"column":7}},"13":{"start":{"line":39,"column":26},"end":{"line":47,"column":1}},"14":{"start":{"line":40,"column":2},"end":{"line":46,"column":3}},"15":{"start":{"line":41,"column":4},"end":{"line":45,"column":7}}},"fnMap":{"0":{"name":"(anonymous_0)","decl":{"start":{"line":5,"column":22},"end":{"line":5,"column":23}},"loc":{"start":{"line":5,"column":28},"end":{"line":26,"column":1}},"line":5},"1":{"name":"(anonymous_1)","decl":{"start":{"line":29,"column":29},"end":{"line":29,"column":30}},"loc":{"start":{"line":29,"column":63},"end":{"line":36,"column":1}},"line":29},"2":{"name":"(anonymous_2)","decl":{"start":{"line":39,"column":26},"end":{"line":39,"column":27}},"loc":{"start":{"line":39,"column":96},"end":{"line":47,"column":1}},"line":39}},"branchMap":{"0":{"loc":{"start":{"line":2,"column":30},"end":{"line":2,"column":84}},"type":"binary-expr","locations":[{"start":{"line":2,"column":30},"end":{"line":2,"column":66}},{"start":{"line":2,"column":70},"end":{"line":2,"column":84}}],"line":2},"1":{"loc":{"start":{"line":6,"column":2},"end":{"line":25,"column":3}},"type":"if","locations":[{"start":{"line":6,"column":2},"end":{"line":25,"column":3}},{"start":{},"end":{}}],"line":6},"2":{"loc":{"start":{"line":6,"column":6},"end":{"line":6,"column":53}},"type":"binary-expr","locations":[{"start":{"line":6,"column":6},"end":{"line":6,"column":35}},{"start":{"line":6,"column":39},"end":{"line":6,"column":53}}],"line":6},"3":{"loc":{"start":{"line":30,"column":2},"end":{"line":35,"column":3}},"type":"if","locations":[{"start":{"line":30,"column":2},"end":{"line":35,"column":3}},{"start":{},"end":{}}],"line":30},"4":{"loc":{"start":{"line":30,"column":6},"end":{"line":30,"column":68}},"type":"binary-expr","locations":[{"start":{"line":30,"column":6},"end":{"line":30,"column":35}},{"start":{"line":30,"column":39},"end":{"line":30,"column":50}},{"start":{"line":30,"column":54},"end":{"line":30,"column":68}}],"line":30},"5":{"loc":{"start":{"line":33,"column":18},"end":{"line":33,"column":41}},"type":"binary-expr","locations":[{"start":{"line":33,"column":18},"end":{"line":33,"column":23}},{"start":{"line":33,"column":27},"end":{"line":33,"column":41}}],"line":33},"6":{"loc":{"start":{"line":40,"column":2},"end":{"line":46,"column":3}},"type":"if","locations":[{"start":{"line":40,"column":2},"end":{"line":46,"column":3}},{"start":{},"end":{}}],"line":40},"7":{"loc":{"start":{"line":40,"column":6},"end":{"line":40,"column":68}},"type":"binary-expr","locations":[{"start":{"line":40,"column":6},"end":{"line":40,"column":35}},{"start":{"line":40,"column":39},"end":{"line":40,"column":50}},{"start":{"line":40,"column":54},"end":{"line":40,"column":68}}],"line":40}},"s":{"0":1,"1":1,"2":1,"3":1,"4":1,"5":1,"6":1,"7":1,"8":1,"9":1,"10":1,"11":3,"12":2,"13":1,"14":2,"15":2},"f":{"0":1,"1":3,"2":2},"b":{"0":[1,1],"1":[1,0],"2":[1,1],"3":[2,1],"4":[3,3,2],"5":[2,1],"6":[2,0],"7":[2,2,2]},"_coverageSchema":"1a1c01bbd47fc00a2c39e90264f33305004495a9","hash":"13e113d956d29148590b5e383336d9b1e4e88dd4"}
,"/Users/tristan/github/teslalink/src/utils/environment.ts": {"path":"/Users/tristan/github/teslalink/src/utils/environment.ts","statementMap":{"0":{"start":{"line":7,"column":37},"end":{"line":22,"column":1}},"1":{"start":{"line":8,"column":19},"end":{"line":8,"column":43}},"2":{"start":{"line":11,"column":2},"end":{"line":13,"column":3}},"3":{"start":{"line":12,"column":4},"end":{"line":12,"column":21}},"4":{"start":{"line":16,"column":2},"end":{"line":18,"column":3}},"5":{"start":{"line":17,"column":4},"end":{"line":17,"column":24}},"6":{"start":{"line":21,"column":2},"end":{"line":21,"column":23}},"7":{"start":{"line":30,"column":27},"end":{"line":40,"column":1}},"8":{"start":{"line":31,"column":22},"end":{"line":31,"column":45}},"9":{"start":{"line":33,"column":2},"end":{"line":37,"column":3}},"10":{"start":{"line":35,"column":22},"end":{"line":35,"column":57}},"11":{"start":{"line":36,"column":4},"end":{"line":36,"column":51}},"12":{"start":{"line":39,"column":2},"end":{"line":39,"column":13}},"13":{"start":{"line":46,"column":26},"end":{"line":50,"column":1}},"14":{"start":{"line":47,"column":17},"end":{"line":47,"column":39}},"15":{"start":{"line":48,"column":19},"end":{"line":48,"column":32}},"16":{"start":{"line":49,"column":2},"end":{"line":49,"column":32}},"17":{"start":{"line":56,"column":31},"end":{"line":58,"column":1}},"18":{"start":{"line":57,"column":2},"end":{"line":57,"column":22}},"19":{"start":{"line":64,"column":24},"end":{"line":67,"column":1}},"20":{"start":{"line":65,"column":18},"end":{"line":65,"column":30}},"21":{"start":{"line":66,"column":2},"end":{"line":66,"column":58}},"22":{"start":{"line":72,"column":27},"end":{"line":76,"column":1}},"23":{"start":{"line":73,"column":19},"end":{"line":73,"column":32}},"24":{"start":{"line":74,"column":20},"end":{"line":74,"column":75}},"25":{"start":{"line":75,"column":2},"end":{"line":75,"column":35}},"26":{"start":{"line":81,"column":28},"end":{"line":83,"column":1}},"27":{"start":{"line":82,"column":2},"end":{"line":82,"column":50}},"28":{"start":{"line":88,"column":25},"end":{"line":90,"column":1}},"29":{"start":{"line":89,"column":2},"end":{"line":89,"column":47}},"30":{"start":{"line":95,"column":29},"end":{"line":97,"column":1}},"31":{"start":{"line":96,"column":2},"end":{"line":96,"column":51}},"32":{"start":{"line":103,"column":36},"end":{"line":114,"column":1}},"33":{"start":{"line":104,"column":22},"end":{"line":104,"column":45}},"34":{"start":{"line":105,"column":19},"end":{"line":105,"column":32}},"35":{"start":{"line":106,"column":18},"end":{"line":106,"column":35}},"36":{"start":{"line":108,"column":2},"end":{"line":113,"column":4}}},"fnMap":{"0":{"name":"(anonymous_0)","decl":{"start":{"line":7,"column":37},"end":{"line":7,"column":38}},"loc":{"start":{"line":7,"column":85},"end":{"line":22,"column":1}},"line":7},"1":{"name":"(anonymous_1)","decl":{"start":{"line":30,"column":27},"end":{"line":30,"column":28}},"loc":{"start":{"line":30,"column":41},"end":{"line":40,"column":1}},"line":30},"2":{"name":"(anonymous_2)","decl":{"start":{"line":46,"column":26},"end":{"line":46,"column":27}},"loc":{"start":{"line":46,"column":40},"end":{"line":50,"column":1}},"line":46},"3":{"name":"(anonymous_3)","decl":{"start":{"line":56,"column":31},"end":{"line":56,"column":32}},"loc":{"start":{"line":56,"column":45},"end":{"line":58,"column":1}},"line":56},"4":{"name":"(anonymous_4)","decl":{"start":{"line":64,"column":24},"end":{"line":64,"column":25}},"loc":{"start":{"line":64,"column":70},"end":{"line":67,"column":1}},"line":64},"5":{"name":"(anonymous_5)","decl":{"start":{"line":72,"column":27},"end":{"line":72,"column":28}},"loc":{"start":{"line":72,"column":58},"end":{"line":76,"column":1}},"line":72},"6":{"name":"(anonymous_6)","decl":{"start":{"line":81,"column":28},"end":{"line":81,"column":29}},"loc":{"start":{"line":81,"column":43},"end":{"line":83,"column":1}},"line":81},"7":{"name":"(anonymous_7)","decl":{"start":{"line":88,"column":25},"end":{"line":88,"column":26}},"loc":{"start":{"line":88,"column":40},"end":{"line":90,"column":1}},"line":88},"8":{"name":"(anonymous_8)","decl":{"start":{"line":95,"column":29},"end":{"line":95,"column":30}},"loc":{"start":{"line":95,"column":44},"end":{"line":97,"column":1}},"line":95},"9":{"name":"(anonymous_9)","decl":{"start":{"line":103,"column":36},"end":{"line":103,"column":37}},"loc":{"start":{"line":103,"column":42},"end":{"line":114,"column":1}},"line":103}},"branchMap":{"0":{"loc":{"start":{"line":11,"column":2},"end":{"line":13,"column":3}},"type":"if","locations":[{"start":{"line":11,"column":2},"end":{"line":13,"column":3}},{"start":{},"end":{}}],"line":11},"1":{"loc":{"start":{"line":16,"column":2},"end":{"line":18,"column":3}},"type":"if","locations":[{"start":{"line":16,"column":2},"end":{"line":18,"column":3}},{"start":{},"end":{}}],"line":16},"2":{"loc":{"start":{"line":16,"column":6},"end":{"line":16,"column":58}},"type":"binary-expr","locations":[{"start":{"line":16,"column":6},"end":{"line":16,"column":30}},{"start":{"line":16,"column":34},"end":{"line":16,"column":58}}],"line":16},"3":{"loc":{"start":{"line":33,"column":2},"end":{"line":37,"column":3}},"type":"if","locations":[{"start":{"line":33,"column":2},"end":{"line":37,"column":3}},{"start":{},"end":{}}],"line":33},"4":{"loc":{"start":{"line":36,"column":11},"end":{"line":36,"column":50}},"type":"cond-expr","locations":[{"start":{"line":36,"column":26},"end":{"line":36,"column":44}},{"start":{"line":36,"column":47},"end":{"line":36,"column":50}}],"line":36},"5":{"loc":{"start":{"line":74,"column":20},"end":{"line":74,"column":75}},"type":"cond-expr","locations":[{"start":{"line":74,"column":48},"end":{"line":74,"column":57}},{"start":{"line":74,"column":60},"end":{"line":74,"column":75}}],"line":74}},"s":{"0":1,"1":19,"2":19,"3":9,"4":10,"5":5,"6":5,"7":1,"8":5,"9":5,"10":3,"11":3,"12":2,"13":1,"14":4,"15":4,"16":4,"17":1,"18":0,"19":1,"20":0,"21":0,"22":1,"23":0,"24":0,"25":0,"26":1,"27":3,"28":1,"29":4,"30":1,"31":3,"32":1,"33":0,"34":0,"35":0,"36":0},"f":{"0":19,"1":5,"2":4,"3":0,"4":0,"5":0,"6":3,"7":4,"8":3,"9":0},"b":{"0":[9,10],"1":[5,5],"2":[10,5],"3":[3,2],"4":[3,0],"5":[0,0]},"_coverageSchema":"1a1c01bbd47fc00a2c39e90264f33305004495a9","hash":"39e8bef722ddac0b39dcc661bf10b3c8c9de4193"}
,"/Users/tristan/github/teslalink/src/utils/firebase.ts": {"path":"/Users/tristan/github/teslalink/src/utils/firebase.ts","statementMap":{"0":{"start":{"line":6,"column":23},"end":{"line":14,"column":1}},"1":{"start":{"line":17,"column":44},"end":{"line":17,"column":102}},"2":{"start":{"line":19,"column":30},"end":{"line":19,"column":34}},"3":{"start":{"line":20,"column":32},"end":{"line":20,"column":36}},"4":{"start":{"line":22,"column":0},"end":{"line":36,"column":1}},"5":{"start":{"line":23,"column":2},"end":{"line":32,"column":3}},"6":{"start":{"line":24,"column":4},"end":{"line":24,"column":40}},"7":{"start":{"line":25,"column":4},"end":{"line":25,"column":32}},"8":{"start":{"line":29,"column":4},"end":{"line":29,"column":89}},"9":{"start":{"line":30,"column":4},"end":{"line":30,"column":15}},"10":{"start":{"line":31,"column":4},"end":{"line":31,"column":20}},"11":{"start":{"line":35,"column":2},"end":{"line":35,"column":94}}},"fnMap":{},"branchMap":{"0":{"loc":{"start":{"line":17,"column":44},"end":{"line":17,"column":102}},"type":"binary-expr","locations":[{"start":{"line":17,"column":44},"end":{"line":17,"column":70}},{"start":{"line":17,"column":74},"end":{"line":17,"column":102}}],"line":17},"1":{"loc":{"start":{"line":22,"column":0},"end":{"line":36,"column":1}},"type":"if","locations":[{"start":{"line":22,"column":0},"end":{"line":36,"column":1}},{"start":{"line":33,"column":7},"end":{"line":36,"column":1}}],"line":22}},"s":{"0":0,"1":0,"2":0,"3":0,"4":0,"5":0,"6":0,"7":0,"8":0,"9":0,"10":0,"11":0},"f":{},"b":{"0":[0,0],"1":[0,0]}}
,"/Users/tristan/github/teslalink/src/utils/location.ts": {"path":"/Users/tristan/github/teslalink/src/utils/location.ts","statementMap":{"0":{"start":{"line":1,"column":29},"end":{"line":27,"column":1}},"1":{"start":{"line":2,"column":19},"end":{"line":2,"column":67}},"2":{"start":{"line":4,"column":2},"end":{"line":6,"column":3}},"3":{"start":{"line":5,"column":4},"end":{"line":5,"column":16}},"4":{"start":{"line":7,"column":2},"end":{"line":9,"column":3}},"5":{"start":{"line":8,"column":4},"end":{"line":8,"column":16}},"6":{"start":{"line":10,"column":2},"end":{"line":12,"column":3}},"7":{"start":{"line":11,"column":4},"end":{"line":11,"column":16}},"8":{"start":{"line":13,"column":2},"end":{"line":15,"column":3}},"9":{"start":{"line":14,"column":4},"end":{"line":14,"column":16}},"10":{"start":{"line":16,"column":2},"end":{"line":18,"column":3}},"11":{"start":{"line":17,"column":4},"end":{"line":17,"column":16}},"12":{"start":{"line":19,"column":2},"end":{"line":21,"column":3}},"13":{"start":{"line":20,"column":4},"end":{"line":20,"column":16}},"14":{"start":{"line":22,"column":2},"end":{"line":24,"column":3}},"15":{"start":{"line":23,"column":4},"end":{"line":23,"column":16}},"16":{"start":{"line":26,"column":2},"end":{"line":26,"column":17}}},"fnMap":{"0":{"name":"(anonymous_0)","decl":{"start":{"line":1,"column":29},"end":{"line":1,"column":30}},"loc":{"start":{"line":1,"column":93},"end":{"line":27,"column":1}},"line":1}},"branchMap":{"0":{"loc":{"start":{"line":4,"column":2},"end":{"line":6,"column":3}},"type":"if","locations":[{"start":{"line":4,"column":2},"end":{"line":6,"column":3}},{"start":{},"end":{}}],"line":4},"1":{"loc":{"start":{"line":7,"column":2},"end":{"line":9,"column":3}},"type":"if","locations":[{"start":{"line":7,"column":2},"end":{"line":9,"column":3}},{"start":{},"end":{}}],"line":7},"2":{"loc":{"start":{"line":7,"column":6},"end":{"line":7,"column":121}},"type":"binary-expr","locations":[{"start":{"line":7,"column":6},"end":{"line":7,"column":42}},{"start":{"line":7,"column":46},"end":{"line":7,"column":83}},{"start":{"line":7,"column":87},"end":{"line":7,"column":121}}],"line":7},"3":{"loc":{"start":{"line":10,"column":2},"end":{"line":12,"column":3}},"type":"if","locations":[{"start":{"line":10,"column":2},"end":{"line":12,"column":3}},{"start":{},"end":{}}],"line":10},"4":{"loc":{"start":{"line":13,"column":2},"end":{"line":15,"column":3}},"type":"if","locations":[{"start":{"line":13,"column":2},"end":{"line":15,"column":3}},{"start":{},"end":{}}],"line":13},"5":{"loc":{"start":{"line":16,"column":2},"end":{"line":18,"column":3}},"type":"if","locations":[{"start":{"line":16,"column":2},"end":{"line":18,"column":3}},{"start":{},"end":{}}],"line":16},"6":{"loc":{"start":{"line":19,"column":2},"end":{"line":21,"column":3}},"type":"if","locations":[{"start":{"line":19,"column":2},"end":{"line":21,"column":3}},{"start":{},"end":{}}],"line":19},"7":{"loc":{"start":{"line":22,"column":2},"end":{"line":24,"column":3}},"type":"if","locations":[{"start":{"line":22,"column":2},"end":{"line":24,"column":3}},{"start":{},"end":{}}],"line":22}},"s":{"0":1,"1":9,"2":9,"3":1,"4":8,"5":1,"6":7,"7":1,"8":6,"9":1,"10":5,"11":2,"12":3,"13":1,"14":2,"15":1,"16":1},"f":{"0":9},"b":{"0":[1,8],"1":[1,7],"2":[8,7,7],"3":[1,6],"4":[1,5],"5":[2,3],"6":[1,2],"7":[1,1]},"_coverageSchema":"1a1c01bbd47fc00a2c39e90264f33305004495a9","hash":"9d0e8d6cc5fdd3b8e731e4bb331ea38b93c33283"}
}
