TN:
SF:src/App.tsx
FN:36,App
FN:45,MainApp
FN:51,(anonymous_2)
FN:61,(anonymous_3)
FN:73,(anonymous_4)
FN:84,(anonymous_5)
FN:94,(anonymous_6)
FN:102,(anonymous_7)
FN:112,(anonymous_8)
FN:135,(anonymous_9)
FN:152,(anonymous_10)
FN:167,(anonymous_11)
FN:208,(anonymous_12)
FN:216,(anonymous_13)
FN:219,(anonymous_14)
FN:220,(anonymous_15)
FN:221,(anonymous_16)
FN:222,(anonymous_17)
FN:223,(anonymous_18)
FN:230,(anonymous_19)
FN:233,(anonymous_20)
FN:237,(anonymous_21)
FN:238,(anonymous_22)
FN:241,(anonymous_23)
FN:263,(anonymous_24)
FN:266,(anonymous_25)
FN:271,(anonymous_26)
FN:275,(anonymous_27)
FN:287,(anonymous_28)
FN:297,(anonymous_29)
FN:298,(anonymous_30)
FN:303,(anonymous_31)
FN:316,(anonymous_32)
FN:330,(anonymous_33)
FN:350,(anonymous_34)
FN:356,(anonymous_35)
FN:362,(anonymous_36)
FN:368,(anonymous_37)
FN:372,(anonymous_38)
FN:379,(anonymous_39)
FN:384,(anonymous_40)
FN:395,(anonymous_41)
FN:406,(anonymous_42)
FN:413,(anonymous_43)
FN:453,(anonymous_44)
FN:482,(anonymous_45)
FN:488,(anonymous_46)
FN:494,(anonymous_47)
FN:498,(anonymous_48)
FN:503,(anonymous_49)
FN:516,(anonymous_50)
FN:529,(anonymous_51)
FN:561,(anonymous_52)
FN:565,(anonymous_53)
FN:583,(anonymous_54)
FN:605,(anonymous_55)
FN:614,(anonymous_56)
FN:615,(anonymous_57)
FN:619,(anonymous_58)
FN:622,(anonymous_59)
FN:628,(anonymous_60)
FN:633,(anonymous_61)
FN:638,(anonymous_62)
FN:642,(anonymous_63)
FN:656,(anonymous_64)
FN:657,(anonymous_65)
FN:658,(anonymous_66)
FN:659,(anonymous_67)
FN:660,(anonymous_68)
FN:669,(anonymous_69)
FN:675,(anonymous_70)
FN:691,(anonymous_71)
FN:707,(anonymous_72)
FN:708,(anonymous_73)
FN:710,(anonymous_74)
FN:711,(anonymous_75)
FN:712,(anonymous_76)
FN:716,(anonymous_77)
FN:722,(anonymous_78)
FN:745,(anonymous_79)
FN:750,(anonymous_80)
FN:751,(anonymous_81)
FN:764,(anonymous_82)
FN:775,(anonymous_83)
FN:785,(anonymous_84)
FN:799,(anonymous_85)
FN:821,(anonymous_86)
FN:828,(anonymous_87)
FN:828,(anonymous_88)
FN:831,(anonymous_89)
FN:831,(anonymous_90)
FN:834,(anonymous_91)
FN:834,(anonymous_92)
FN:837,(anonymous_93)
FN:837,(anonymous_94)
FN:842,(anonymous_95)
FN:842,(anonymous_96)
FN:846,(anonymous_97)
FN:846,(anonymous_98)
FN:856,(anonymous_99)
FN:870,(anonymous_100)
FN:876,(anonymous_101)
FN:882,(anonymous_102)
FN:896,(anonymous_103)
FN:907,(anonymous_104)
FN:922,(anonymous_105)
FN:947,(anonymous_106)
FN:974,(anonymous_107)
FN:984,(anonymous_108)
FN:985,(anonymous_109)
FN:993,(anonymous_110)
FNF:111
FNH:23
FNDA:2,App
FNDA:2,MainApp
FNDA:1,(anonymous_2)
FNDA:1,(anonymous_3)
FNDA:1,(anonymous_4)
FNDA:1,(anonymous_5)
FNDA:0,(anonymous_6)
FNDA:0,(anonymous_7)
FNDA:0,(anonymous_8)
FNDA:1,(anonymous_9)
FNDA:0,(anonymous_10)
FNDA:0,(anonymous_11)
FNDA:0,(anonymous_12)
FNDA:0,(anonymous_13)
FNDA:0,(anonymous_14)
FNDA:0,(anonymous_15)
FNDA:0,(anonymous_16)
FNDA:0,(anonymous_17)
FNDA:0,(anonymous_18)
FNDA:0,(anonymous_19)
FNDA:1,(anonymous_20)
FNDA:0,(anonymous_21)
FNDA:0,(anonymous_22)
FNDA:1,(anonymous_23)
FNDA:0,(anonymous_24)
FNDA:0,(anonymous_25)
FNDA:0,(anonymous_26)
FNDA:0,(anonymous_27)
FNDA:0,(anonymous_28)
FNDA:1,(anonymous_29)
FNDA:0,(anonymous_30)
FNDA:1,(anonymous_31)
FNDA:1,(anonymous_32)
FNDA:0,(anonymous_33)
FNDA:1,(anonymous_34)
FNDA:1,(anonymous_35)
FNDA:0,(anonymous_36)
FNDA:0,(anonymous_37)
FNDA:0,(anonymous_38)
FNDA:0,(anonymous_39)
FNDA:0,(anonymous_40)
FNDA:0,(anonymous_41)
FNDA:0,(anonymous_42)
FNDA:0,(anonymous_43)
FNDA:0,(anonymous_44)
FNDA:0,(anonymous_45)
FNDA:0,(anonymous_46)
FNDA:1,(anonymous_47)
FNDA:0,(anonymous_48)
FNDA:0,(anonymous_49)
FNDA:0,(anonymous_50)
FNDA:0,(anonymous_51)
FNDA:1,(anonymous_52)
FNDA:0,(anonymous_53)
FNDA:0,(anonymous_54)
FNDA:1,(anonymous_55)
FNDA:1,(anonymous_56)
FNDA:0,(anonymous_57)
FNDA:1,(anonymous_58)
FNDA:0,(anonymous_59)
FNDA:0,(anonymous_60)
FNDA:0,(anonymous_61)
FNDA:0,(anonymous_62)
FNDA:0,(anonymous_63)
FNDA:0,(anonymous_64)
FNDA:0,(anonymous_65)
FNDA:0,(anonymous_66)
FNDA:0,(anonymous_67)
FNDA:0,(anonymous_68)
FNDA:0,(anonymous_69)
FNDA:0,(anonymous_70)
FNDA:2,(anonymous_71)
FNDA:1,(anonymous_72)
FNDA:1,(anonymous_73)
FNDA:0,(anonymous_74)
FNDA:0,(anonymous_75)
FNDA:0,(anonymous_76)
FNDA:0,(anonymous_77)
FNDA:1,(anonymous_78)
FNDA:0,(anonymous_79)
FNDA:0,(anonymous_80)
FNDA:0,(anonymous_81)
FNDA:0,(anonymous_82)
FNDA:0,(anonymous_83)
FNDA:0,(anonymous_84)
FNDA:0,(anonymous_85)
FNDA:0,(anonymous_86)
FNDA:0,(anonymous_87)
FNDA:0,(anonymous_88)
FNDA:0,(anonymous_89)
FNDA:0,(anonymous_90)
FNDA:0,(anonymous_91)
FNDA:0,(anonymous_92)
FNDA:0,(anonymous_93)
FNDA:0,(anonymous_94)
FNDA:0,(anonymous_95)
FNDA:0,(anonymous_96)
FNDA:0,(anonymous_97)
FNDA:0,(anonymous_98)
FNDA:0,(anonymous_99)
FNDA:0,(anonymous_100)
FNDA:0,(anonymous_101)
FNDA:0,(anonymous_102)
FNDA:0,(anonymous_103)
FNDA:0,(anonymous_104)
FNDA:0,(anonymous_105)
FNDA:0,(anonymous_106)
FNDA:0,(anonymous_107)
FNDA:0,(anonymous_108)
FNDA:0,(anonymous_109)
FNDA:0,(anonymous_110)
DA:17,1
DA:37,2
DA:46,2
DA:47,2
DA:48,2
DA:49,2
DA:50,2
DA:51,2
DA:52,1
DA:53,1
DA:54,0
DA:56,1
DA:57,1
DA:59,2
DA:61,2
DA:62,1
DA:63,1
DA:64,1
DA:65,0
DA:66,1
DA:67,0
DA:69,1
DA:73,2
DA:74,1
DA:76,1
DA:77,1
DA:80,2
DA:82,2
DA:84,2
DA:85,1
DA:86,1
DA:87,1
DA:89,0
DA:90,0
DA:94,2
DA:95,0
DA:96,0
DA:98,0
DA:102,2
DA:103,0
DA:104,0
DA:105,0
DA:108,0
DA:112,2
DA:113,0
DA:115,0
DA:116,0
DA:117,0
DA:118,0
DA:121,0
DA:122,0
DA:125,0
DA:126,0
DA:128,0
DA:130,0
DA:131,0
DA:135,2
DA:136,1
DA:137,1
DA:138,1
DA:139,0
DA:140,0
DA:142,1
DA:144,0
DA:145,0
DA:149,2
DA:150,2
DA:152,2
DA:153,0
DA:154,0
DA:155,0
DA:156,0
DA:157,0
DA:159,0
DA:160,0
DA:161,0
DA:162,0
DA:164,0
DA:167,2
DA:168,0
DA:170,0
DA:171,0
DA:172,0
DA:173,0
DA:174,0
DA:177,0
DA:178,0
DA:179,0
DA:182,0
DA:183,0
DA:185,0
DA:186,0
DA:190,0
DA:191,0
DA:192,0
DA:193,0
DA:194,0
DA:197,0
DA:198,0
DA:199,0
DA:202,0
DA:203,0
DA:204,0
DA:205,0
DA:208,2
DA:209,0
DA:210,0
DA:211,0
DA:213,0
DA:216,2
DA:218,0
DA:219,0
DA:221,0
DA:222,0
DA:223,0
DA:226,0
DA:228,0
DA:230,0
DA:233,2
DA:234,1
DA:236,0
DA:237,0
DA:238,0
DA:241,2
DA:242,1
DA:243,0
DA:245,0
DA:246,0
DA:248,0
DA:249,0
DA:250,0
DA:253,0
DA:254,0
DA:256,0
DA:257,0
DA:258,0
DA:259,0
DA:262,0
DA:267,0
DA:268,0
DA:271,0
DA:272,0
DA:275,0
DA:276,0
DA:277,0
DA:278,0
DA:279,0
DA:280,0
DA:281,0
DA:282,0
DA:287,0
DA:288,0
DA:289,0
DA:295,2
DA:296,2
DA:297,2
DA:298,1
DA:299,1
DA:300,1
DA:303,2
DA:304,1
DA:305,1
DA:307,2
DA:308,2
DA:309,2
DA:310,2
DA:311,2
DA:312,2
DA:313,2
DA:314,2
DA:316,2
DA:317,1
DA:318,1
DA:320,1
DA:322,0
DA:323,0
DA:325,0
DA:326,0
DA:327,0
DA:328,0
DA:329,0
DA:330,0
DA:331,0
DA:332,0
DA:335,0
DA:336,0
DA:337,0
DA:339,0
DA:342,0
DA:345,0
DA:350,2
DA:351,1
DA:352,1
DA:353,1
DA:356,2
DA:357,1
DA:358,0
DA:362,2
DA:363,0
DA:364,0
DA:365,0
DA:368,0
DA:369,0
DA:370,0
DA:372,2
DA:373,0
DA:374,0
DA:375,0
DA:376,0
DA:379,2
DA:380,0
DA:381,0
DA:384,2
DA:385,0
DA:386,0
DA:387,0
DA:388,0
DA:390,0
DA:391,0
DA:392,0
DA:395,2
DA:396,0
DA:397,0
DA:398,0
DA:399,0
DA:400,0
DA:401,0
DA:402,0
DA:403,0
DA:406,2
DA:407,0
DA:408,0
DA:409,0
DA:410,0
DA:413,2
DA:414,0
DA:416,0
DA:417,0
DA:419,0
DA:421,0
DA:424,0
DA:425,0
DA:426,0
DA:427,0
DA:428,0
DA:434,0
DA:435,0
DA:439,0
DA:440,0
DA:443,0
DA:445,0
DA:447,0
DA:448,0
DA:449,0
DA:450,0
DA:453,2
DA:454,0
DA:455,0
DA:457,0
DA:458,0
DA:459,0
DA:462,0
DA:464,0
DA:465,0
DA:466,0
DA:467,0
DA:468,0
DA:469,0
DA:471,0
DA:472,0
DA:474,0
DA:477,0
DA:478,0
DA:479,0
DA:481,0
DA:483,0
DA:484,0
DA:485,0
DA:486,0
DA:489,0
DA:490,0
DA:494,2
DA:495,1
DA:496,1
DA:498,1
DA:499,0
DA:500,0
DA:501,0
DA:503,0
DA:504,0
DA:508,1
DA:509,0
DA:510,0
DA:511,0
DA:512,0
DA:513,0
DA:515,0
DA:516,0
DA:517,0
DA:518,0
DA:519,0
DA:520,0
DA:522,0
DA:525,0
DA:527,0
DA:528,0
DA:530,0
DA:531,0
DA:532,0
DA:534,0
DA:535,0
DA:538,1
DA:539,1
DA:540,0
DA:541,0
DA:542,0
DA:543,0
DA:544,0
DA:545,0
DA:548,0
DA:550,0
DA:551,0
DA:552,0
DA:553,0
DA:556,1
DA:561,2
DA:562,1
DA:563,0
DA:564,0
DA:565,0
DA:566,0
DA:567,0
DA:568,0
DA:569,0
DA:570,0
DA:571,0
DA:572,0
DA:573,0
DA:575,0
DA:579,0
DA:583,1
DA:584,0
DA:585,0
DA:586,0
DA:587,0
DA:588,0
DA:589,0
DA:590,0
DA:591,0
DA:592,0
DA:593,0
DA:597,0
DA:600,1
DA:602,1
DA:603,1
DA:605,1
DA:606,1
DA:607,1
DA:608,0
DA:609,0
DA:614,2
DA:615,1
DA:618,1
DA:619,1
DA:622,2
DA:623,0
DA:624,0
DA:625,0
DA:628,2
DA:629,0
DA:630,0
DA:633,2
DA:634,0
DA:635,0
DA:638,2
DA:639,0
DA:642,2
DA:643,0
DA:644,0
DA:646,0
DA:647,0
DA:648,0
DA:649,0
DA:650,0
DA:652,0
DA:655,0
DA:656,0
DA:658,0
DA:659,0
DA:660,0
DA:662,0
DA:664,0
DA:665,0
DA:667,0
DA:670,0
DA:671,0
DA:675,2
DA:676,0
DA:677,0
DA:678,0
DA:679,0
DA:684,0
DA:691,2
DA:692,2
DA:694,1
DA:696,1
DA:697,1
DA:699,1
DA:701,1
DA:702,1
DA:703,0
DA:704,0
DA:706,1
DA:707,1
DA:709,1
DA:710,1
DA:711,1
DA:712,1
DA:713,1
DA:714,1
DA:717,0
DA:722,2
DA:723,1
DA:725,1
DA:726,1
DA:727,0
DA:728,0
DA:729,0
DA:732,0
DA:736,2
DA:745,0
DA:751,0
DA:764,0
DA:775,0
DA:786,0
DA:821,0
DA:828,0
DA:831,0
DA:834,0
DA:837,0
DA:842,0
DA:846,0
DA:856,0
DA:870,0
DA:876,0
DA:882,0
DA:896,0
DA:907,0
DA:922,0
DA:947,0
DA:974,0
DA:984,0
DA:985,0
DA:993,0
LF:454
LH:130
BRDA:53,0,0,0
BRDA:53,0,1,1
BRDA:53,1,0,1
BRDA:53,1,1,0
BRDA:57,2,0,1
BRDA:57,2,1,0
BRDA:63,3,0,1
BRDA:63,3,1,0
BRDA:64,4,0,0
BRDA:64,4,1,1
BRDA:66,5,0,0
BRDA:66,5,1,1
BRDA:76,6,0,1
BRDA:76,6,1,0
BRDA:76,7,0,1
BRDA:76,7,1,1
BRDA:87,8,0,0
BRDA:87,8,1,1
BRDA:104,9,0,0
BRDA:104,9,1,0
BRDA:116,10,0,0
BRDA:116,10,1,0
BRDA:138,11,0,0
BRDA:138,11,1,1
BRDA:153,12,0,0
BRDA:153,12,1,0
BRDA:153,13,0,0
BRDA:153,13,1,0
BRDA:172,14,0,0
BRDA:172,14,1,0
BRDA:172,15,0,0
BRDA:172,15,1,0
BRDA:178,16,0,0
BRDA:178,16,1,0
BRDA:190,17,0,0
BRDA:190,17,1,0
BRDA:192,18,0,0
BRDA:192,18,1,0
BRDA:192,19,0,0
BRDA:192,19,1,0
BRDA:197,20,0,0
BRDA:197,20,1,0
BRDA:222,21,0,0
BRDA:222,21,1,0
BRDA:234,22,0,1
BRDA:234,22,1,0
BRDA:234,23,0,1
BRDA:234,23,1,0
BRDA:242,24,0,0
BRDA:242,24,1,1
BRDA:243,25,0,0
BRDA:243,25,1,0
BRDA:243,26,0,0
BRDA:243,26,1,0
BRDA:257,27,0,0
BRDA:257,27,1,0
BRDA:277,28,0,0
BRDA:277,28,1,0
BRDA:277,29,0,0
BRDA:277,29,1,0
BRDA:305,30,0,1
BRDA:305,30,1,1
BRDA:305,30,2,1
BRDA:305,30,3,1
BRDA:318,31,0,1
BRDA:318,31,1,0
BRDA:318,32,0,1
BRDA:318,32,1,0
BRDA:327,33,0,0
BRDA:327,33,1,0
BRDA:335,34,0,0
BRDA:335,34,1,0
BRDA:357,35,0,0
BRDA:357,35,1,1
BRDA:363,36,0,0
BRDA:363,36,1,0
BRDA:373,37,0,0
BRDA:373,37,1,0
BRDA:385,38,0,0
BRDA:385,38,1,0
BRDA:385,39,0,0
BRDA:385,39,1,0
BRDA:396,40,0,0
BRDA:396,40,1,0
BRDA:407,41,0,0
BRDA:407,41,1,0
BRDA:414,42,0,0
BRDA:414,42,1,0
BRDA:414,43,0,0
BRDA:414,43,1,0
BRDA:428,44,0,0
BRDA:428,44,1,0
BRDA:429,45,0,0
BRDA:429,45,1,0
BRDA:429,45,2,0
BRDA:429,45,3,0
BRDA:439,46,0,0
BRDA:439,46,1,0
BRDA:455,47,0,0
BRDA:455,47,1,0
BRDA:457,48,0,0
BRDA:457,48,1,0
BRDA:462,49,0,0
BRDA:462,49,1,0
BRDA:462,50,0,0
BRDA:462,50,1,0
BRDA:508,51,0,0
BRDA:508,51,1,1
BRDA:509,52,0,0
BRDA:509,52,1,0
BRDA:509,53,0,0
BRDA:509,53,1,0
BRDA:517,54,0,0
BRDA:517,54,1,0
BRDA:519,55,0,0
BRDA:519,55,1,0
BRDA:539,56,0,0
BRDA:539,56,1,1
BRDA:543,57,0,0
BRDA:543,57,1,0
BRDA:562,58,0,0
BRDA:562,58,1,1
BRDA:567,59,0,0
BRDA:567,59,1,0
BRDA:567,60,0,0
BRDA:567,60,1,0
BRDA:569,61,0,0
BRDA:569,61,1,0
BRDA:570,62,0,0
BRDA:570,62,1,0
BRDA:584,63,0,0
BRDA:584,63,1,0
BRDA:586,64,0,0
BRDA:586,64,1,0
BRDA:587,65,0,0
BRDA:587,65,1,0
BRDA:587,66,0,0
BRDA:587,66,1,0
BRDA:587,66,2,0
BRDA:589,67,0,0
BRDA:589,67,1,0
BRDA:603,68,0,0
BRDA:603,68,1,1
BRDA:607,69,0,0
BRDA:607,69,1,1
BRDA:623,70,0,0
BRDA:623,70,1,0
BRDA:634,71,0,0
BRDA:634,71,1,0
BRDA:659,72,0,0
BRDA:659,72,1,0
BRDA:692,73,0,1
BRDA:692,73,1,1
BRDA:694,74,0,0
BRDA:694,74,1,1
BRDA:697,75,0,0
BRDA:697,75,1,1
BRDA:697,76,0,1
BRDA:697,76,1,1
BRDA:702,77,0,0
BRDA:702,77,1,1
BRDA:702,78,0,1
BRDA:702,78,1,0
BRDA:711,79,0,0
BRDA:711,79,1,1
BRDA:723,80,0,0
BRDA:723,80,1,1
BRDA:726,81,0,0
BRDA:726,81,1,1
BRDA:726,82,0,1
BRDA:726,82,1,1
BRDA:726,82,2,0
BRDA:737,83,0,2
BRDA:737,83,1,0
BRDA:742,84,0,2
BRDA:742,84,1,0
BRDA:748,85,0,2
BRDA:748,85,1,0
BRDA:762,86,0,0
BRDA:762,86,1,2
BRDA:762,87,0,2
BRDA:762,87,1,0
BRDA:770,88,0,2
BRDA:770,88,1,2
BRDA:773,89,0,2
BRDA:773,89,1,0
BRDA:774,90,0,2
BRDA:774,90,1,2
BRDA:799,91,0,0
BRDA:799,91,1,0
BRDA:807,92,0,2
BRDA:807,92,1,2
BRDA:815,93,0,0
BRDA:815,93,1,2
BRDA:828,94,0,0
BRDA:828,94,1,2
BRDA:828,95,0,0
BRDA:828,95,1,2
BRDA:831,96,0,0
BRDA:831,96,1,2
BRDA:831,97,0,0
BRDA:831,97,1,2
BRDA:834,98,0,0
BRDA:834,98,1,2
BRDA:834,99,0,0
BRDA:834,99,1,2
BRDA:837,100,0,0
BRDA:837,100,1,2
BRDA:837,101,0,0
BRDA:837,101,1,2
BRDA:841,102,0,0
BRDA:841,102,1,2
BRDA:855,103,0,2
BRDA:855,103,1,0
BRDA:859,104,0,0
BRDA:859,104,1,0
BRDA:860,105,0,0
BRDA:860,105,1,0
BRDA:881,106,0,2
BRDA:881,106,1,0
BRDA:885,107,0,0
BRDA:885,107,1,0
BRDA:886,108,0,0
BRDA:886,108,1,0
BRDA:899,109,0,0
BRDA:899,109,1,0
BRDA:913,110,0,0
BRDA:913,110,1,0
BRDA:914,111,0,0
BRDA:914,111,1,0
BRDA:929,112,0,0
BRDA:929,112,1,0
BRDA:930,113,0,0
BRDA:930,113,1,0
BRDA:935,114,0,0
BRDA:935,114,1,0
BRDA:940,115,0,0
BRDA:940,115,1,0
BRDA:954,116,0,2
BRDA:954,116,1,0
BRDA:954,116,2,0
BRDA:954,116,3,0
BRDA:983,117,0,2
BRDA:983,117,1,0
BRDA:985,118,0,0
BRDA:985,118,1,0
BRDA:985,119,0,0
BRDA:985,119,1,0
BRF:248
BRH:65
end_of_record
TN:
SF:src/image-manifest.js
FNF:0
FNH:0
DA:5,0
LF:1
LH:0
BRF:0
BRH:0
end_of_record
TN:
SF:src/index.tsx
FNF:0
FNH:0
DA:9,0
DA:12,0
LF:2
LH:0
BRF:0
BRH:0
end_of_record
TN:
SF:src/setupTests.ts
FNF:0
FNH:0
LF:0
LH:0
BRF:0
BRH:0
end_of_record
TN:
SF:src/components/AddAppQR.tsx
FN:7,(anonymous_0)
FN:18,(anonymous_1)
FN:22,(anonymous_2)
FN:39,(anonymous_3)
FN:58,(anonymous_4)
FN:65,(anonymous_5)
FN:84,(anonymous_6)
FN:86,(anonymous_7)
FN:87,(anonymous_8)
FN:170,(anonymous_9)
FN:181,(anonymous_10)
FNF:11
FNH:7
FNDA:21,(anonymous_0)
FNDA:8,(anonymous_1)
FNDA:8,(anonymous_2)
FNDA:6,(anonymous_3)
FNDA:0,(anonymous_4)
FNDA:3,(anonymous_5)
FNDA:0,(anonymous_6)
FNDA:0,(anonymous_7)
FNDA:0,(anonymous_8)
FNDA:3,(anonymous_9)
FNDA:2,(anonymous_10)
DA:7,2
DA:8,21
DA:9,21
DA:10,21
DA:12,21
DA:13,21
DA:14,21
DA:15,21
DA:18,21
DA:20,8
DA:22,21
DA:23,8
DA:24,1
DA:25,1
DA:26,1
DA:27,1
DA:31,7
DA:32,1
DA:33,1
DA:34,1
DA:35,1
DA:38,6
DA:39,6
DA:40,6
DA:41,6
DA:42,6
DA:43,6
DA:44,6
DA:45,6
DA:47,6
DA:48,6
DA:51,0
DA:52,0
DA:55,0
DA:56,0
DA:59,0
DA:60,0
DA:61,0
DA:65,21
DA:66,3
DA:67,3
DA:68,1
DA:69,1
DA:72,2
DA:73,2
DA:74,2
DA:77,2
DA:78,2
DA:79,2
DA:80,2
DA:85,0
DA:86,0
DA:88,0
DA:89,0
DA:90,0
DA:95,21
DA:105,21
DA:116,21
DA:126,21
DA:127,8
DA:137,13
DA:138,2
DA:148,11
DA:149,0
DA:159,11
DA:170,3
DA:181,2
LF:67
LH:54
BRDA:10,0,0,21
BRDA:10,0,1,21
BRDA:20,1,0,0
BRDA:20,1,1,8
BRDA:23,2,0,1
BRDA:23,2,1,7
BRDA:31,3,0,1
BRDA:31,3,1,6
BRDA:31,4,0,7
BRDA:31,4,1,6
BRDA:40,5,0,6
BRDA:40,5,1,0
BRDA:42,6,0,6
BRDA:42,6,1,0
BRDA:44,7,0,6
BRDA:44,7,1,0
BRDA:47,8,0,6
BRDA:47,8,1,0
BRDA:67,9,0,1
BRDA:67,9,1,2
BRDA:67,10,0,3
BRDA:67,10,1,2
BRDA:73,11,0,2
BRDA:73,11,1,0
BRDA:77,12,0,2
BRDA:77,12,1,0
BRDA:78,13,0,0
BRDA:78,13,1,2
BRDA:78,14,0,2
BRDA:78,14,1,2
BRDA:96,15,0,0
BRDA:96,15,1,21
BRDA:106,16,0,0
BRDA:106,16,1,21
BRDA:107,17,0,0
BRDA:107,17,1,21
BRDA:120,18,0,0
BRDA:120,18,1,21
BRDA:121,19,0,0
BRDA:121,19,1,21
BRDA:122,20,0,0
BRDA:122,20,1,21
BRDA:126,21,0,8
BRDA:126,21,1,13
BRDA:137,22,0,2
BRDA:137,22,1,11
BRDA:137,23,0,13
BRDA:137,23,1,11
BRDA:148,24,0,0
BRDA:148,24,1,11
BRF:50
BRH:35
end_of_record
TN:
SF:src/components/AppItem.tsx
FN:24,(anonymous_0)
FN:25,(anonymous_1)
FN:38,(anonymous_2)
FN:48,(anonymous_3)
FN:53,(anonymous_4)
FN:55,(anonymous_5)
FN:56,(anonymous_6)
FN:71,(anonymous_7)
FNF:8
FNH:7
FNDA:7,(anonymous_0)
FNDA:2,(anonymous_1)
FNDA:1,(anonymous_2)
FNDA:0,(anonymous_3)
FNDA:1,(anonymous_4)
FNDA:1,(anonymous_5)
FNDA:1,(anonymous_6)
FNDA:1,(anonymous_7)
DA:24,2
DA:25,7
DA:26,2
DA:27,2
DA:28,0
DA:31,2
DA:32,1
DA:34,1
DA:38,7
DA:39,1
DA:40,1
DA:41,1
DA:44,7
DA:49,0
DA:50,0
DA:53,1
DA:55,1
DA:56,1
DA:71,1
LF:19
LH:16
BRDA:27,0,0,0
BRDA:27,0,1,2
BRDA:27,1,0,2
BRDA:27,1,1,2
BRDA:27,1,2,1
BRDA:31,2,0,1
BRDA:31,2,1,1
BRDA:60,3,0,3
BRDA:60,3,1,4
BRDA:61,4,0,7
BRDA:61,4,1,3
BRF:11
BRH:10
end_of_record
TN:
SF:src/components/LiveChannelsGrid.tsx
FN:46,(anonymous_0)
FN:51,(anonymous_1)
FN:52,(anonymous_2)
FN:75,(anonymous_3)
FN:86,(anonymous_4)
FN:111,(anonymous_5)
FN:173,(anonymous_6)
FN:177,(anonymous_7)
FN:186,(anonymous_8)
FNF:9
FNH:7
FNDA:9,(anonymous_0)
FNDA:5,(anonymous_1)
FNDA:5,(anonymous_2)
FNDA:3,(anonymous_3)
FNDA:3,(anonymous_4)
FNDA:0,(anonymous_5)
FNDA:2,(anonymous_6)
FNDA:0,(anonymous_7)
FNDA:1,(anonymous_8)
DA:3,2
DA:46,2
DA:47,9
DA:48,9
DA:49,9
DA:51,9
DA:52,5
DA:53,5
DA:54,5
DA:55,5
DA:57,5
DA:58,5
DA:59,0
DA:62,5
DA:63,5
DA:65,0
DA:66,0
DA:68,5
DA:72,5
DA:75,9
DA:76,3
DA:79,3
DA:80,1
DA:83,2
DA:86,9
DA:88,3
DA:89,0
DA:96,3
DA:97,3
DA:98,3
DA:99,3
DA:104,0
DA:111,9
DA:112,0
DA:115,9
DA:116,6
DA:132,3
DA:133,0
DA:149,3
DA:151,3
DA:152,1
DA:171,2
DA:174,2
DA:177,0
DA:186,1
LF:45
LH:37
BRDA:58,0,0,0
BRDA:58,0,1,5
BRDA:76,1,0,0
BRDA:76,1,1,3
BRDA:79,2,0,1
BRDA:79,2,1,2
BRDA:80,3,0,1
BRDA:80,3,1,0
BRDA:80,3,2,0
BRDA:83,4,0,2
BRDA:83,4,1,0
BRDA:88,5,0,0
BRDA:88,5,1,3
BRDA:91,6,0,0
BRDA:91,6,1,0
BRDA:91,6,2,0
BRDA:115,7,0,6
BRDA:115,7,1,3
BRDA:121,8,0,0
BRDA:121,8,1,6
BRDA:132,9,0,0
BRDA:132,9,1,3
BRDA:138,10,0,0
BRDA:138,10,1,0
BRDA:151,11,0,1
BRDA:151,11,1,2
BRDA:157,12,0,0
BRDA:157,12,1,1
BRF:28
BRH:14
end_of_record
TN:
SF:src/utils/analytics.ts
FN:5,(anonymous_0)
FN:29,(anonymous_1)
FN:39,(anonymous_2)
FNF:3
FNH:3
FNDA:1,(anonymous_0)
FNDA:3,(anonymous_1)
FNDA:2,(anonymous_2)
DA:2,1
DA:5,1
DA:6,1
DA:8,1
DA:9,1
DA:10,1
DA:11,1
DA:14,1
DA:15,1
DA:24,1
DA:29,1
DA:30,3
DA:31,2
DA:39,1
DA:40,2
DA:41,2
LF:16
LH:16
BRDA:2,0,0,1
BRDA:2,0,1,1
BRDA:6,1,0,1
BRDA:6,1,1,0
BRDA:6,2,0,1
BRDA:6,2,1,1
BRDA:30,3,0,2
BRDA:30,3,1,1
BRDA:30,4,0,3
BRDA:30,4,1,3
BRDA:30,4,2,2
BRDA:33,5,0,2
BRDA:33,5,1,1
BRDA:40,6,0,2
BRDA:40,6,1,0
BRDA:40,7,0,2
BRDA:40,7,1,2
BRDA:40,7,2,2
BRF:18
BRH:16
end_of_record
TN:
SF:src/utils/environment.ts
FN:7,(anonymous_0)
FN:30,(anonymous_1)
FN:48,(anonymous_2)
FN:58,(anonymous_3)
FN:66,(anonymous_4)
FN:75,(anonymous_5)
FN:88,(anonymous_6)
FN:95,(anonymous_7)
FN:102,(anonymous_8)
FN:110,(anonymous_9)
FNF:10
FNH:10
FNDA:42,(anonymous_0)
FNDA:22,(anonymous_1)
FNDA:13,(anonymous_2)
FNDA:4,(anonymous_3)
FNDA:2,(anonymous_4)
FNDA:3,(anonymous_5)
FNDA:3,(anonymous_6)
FNDA:6,(anonymous_7)
FNDA:4,(anonymous_8)
FNDA:2,(anonymous_9)
DA:7,1
DA:8,42
DA:11,42
DA:12,20
DA:16,22
DA:17,10
DA:21,12
DA:30,1
DA:31,22
DA:33,22
DA:35,11
DA:36,11
DA:37,9
DA:39,2
DA:41,11
DA:48,1
DA:49,13
DA:50,13
DA:51,13
DA:58,1
DA:59,4
DA:66,1
DA:67,2
DA:68,2
DA:69,2
DA:75,1
DA:76,3
DA:77,3
DA:79,3
DA:80,1
DA:82,2
DA:88,1
DA:89,3
DA:95,1
DA:96,6
DA:102,1
DA:103,4
DA:110,1
DA:111,2
DA:112,2
DA:113,2
DA:115,2
LF:42
LH:42
BRDA:11,0,0,20
BRDA:11,0,1,22
BRDA:16,1,0,10
BRDA:16,1,1,12
BRDA:16,2,0,22
BRDA:16,2,1,14
BRDA:33,3,0,11
BRDA:33,3,1,11
BRDA:36,4,0,9
BRDA:36,4,1,2
BRDA:68,5,0,1
BRDA:68,5,1,1
BRDA:77,6,0,2
BRDA:77,6,1,1
BRDA:79,7,0,1
BRDA:79,7,1,2
BRF:16
BRH:16
end_of_record
TN:
SF:src/utils/firebase.ts
FNF:0
FNH:0
DA:6,6
DA:17,6
DA:19,6
DA:20,6
DA:22,6
DA:23,4
DA:24,4
DA:25,3
DA:29,2
DA:30,2
DA:31,2
DA:35,2
LF:12
LH:12
BRDA:17,0,0,6
BRDA:17,0,1,5
BRDA:22,1,0,4
BRDA:22,1,1,2
BRF:4
BRH:4
end_of_record
TN:
SF:src/utils/location.ts
FN:1,(anonymous_0)
FNF:1
FNH:1
FNDA:9,(anonymous_0)
DA:1,1
DA:2,9
DA:4,9
DA:5,1
DA:7,8
DA:8,1
DA:10,7
DA:11,1
DA:13,6
DA:14,1
DA:16,5
DA:17,2
DA:19,3
DA:20,1
DA:22,2
DA:23,1
DA:26,1
LF:17
LH:17
BRDA:4,0,0,1
BRDA:4,0,1,8
BRDA:7,1,0,1
BRDA:7,1,1,7
BRDA:7,2,0,8
BRDA:7,2,1,7
BRDA:7,2,2,7
BRDA:10,3,0,1
BRDA:10,3,1,6
BRDA:13,4,0,1
BRDA:13,4,1,5
BRDA:16,5,0,2
BRDA:16,5,1,3
BRDA:19,6,0,1
BRDA:19,6,1,2
BRDA:22,7,0,1
BRDA:22,7,1,1
BRF:17
BRH:17
end_of_record
